<?xml version="1.0" encoding="UTF-8"?>
<!-- Generated by org.testng.reporters.JUnitXMLReporter -->
<testsuite hostname="user" ignored="0" name="ChromeBrowser" tests="4" failures="0" timestamp="2022-06-27T13:15:29 IST" time="66.015" errors="0">
  <testcase name="@BeforeMethod lunchURL" time="40.359" classname="test.LoginTest">
    <failure type="org.openqa.selenium.StaleElementReferenceException" message="stale element reference: element is not attached to the page document
  (Session info: MicrosoftEdge=103.0.1264.37)
For documentation on this error, please visit: https://selenium.dev/exceptions/#stale_element_reference
Build info: version: &amp;apos;4.1.0&amp;apos;, revision: &amp;apos;87802e897b&amp;apos;
System info: host: &amp;apos;USER&amp;apos;, ip: &amp;apos;192.168.1.8&amp;apos;, os.name: &amp;apos;Windows 8.1&amp;apos;, os.arch: &amp;apos;amd64&amp;apos;, os.version: &amp;apos;6.3&amp;apos;, java.version: &amp;apos;1.8.0_331&amp;apos;
Driver info: org.openqa.selenium.edge.EdgeDriver
Command: [516de80fb25c129a86a54863db93958f, clickElement {id=6edd58c2-dbbe-4f51-8df3-b0932d19075d}]
Capabilities {acceptInsecureCerts: false, browserName: msedge, browserVersion: 103.0.1264.37, javascriptEnabled: true, ms:edgeOptions: {debuggerAddress: localhost:57196}, msedge: {msedgedriverVersion: 103.0.1264.37 (e3a6d3b5b3c3..., userDataDir: C:\Users\asus\AppData\Local...}, networkConnectionEnabled: false, pageLoadStrategy: normal, platform: WINDOWS, platformName: WINDOWS, proxy: Proxy(), se:cdp: ws://localhost:57196/devtoo..., se:cdpVersion: 103.0.1264.37, setWindowRect: true, strictFileInteractability: false, timeouts: {implicit: 0, pageLoad: 300000, script: 30000}, unhandledPromptBehavior: dismiss and notify, webauthn:extension:credBlob: true, webauthn:extension:largeBlob: true, webauthn:virtualAuthenticators: true}
Element: [[EdgeDriver: msedge on WINDOWS (516de80fb25c129a86a54863db93958f)] -&amp;gt; xpath: //a[@class=&amp;apos;site-header__icon site-header__account&amp;apos;]]
Session ID: 516de80fb25c129a86a54863db93958f">
      <![CDATA[org.openqa.selenium.StaleElementReferenceException: stale element reference: element is not attached to the page document
  (Session info: MicrosoftEdge=103.0.1264.37)
For documentation on this error, please visit: https://selenium.dev/exceptions/#stale_element_reference
Build info: version: '4.1.0', revision: '87802e897b'
System info: host: 'USER', ip: '192.168.1.8', os.name: 'Windows 8.1', os.arch: 'amd64', os.version: '6.3', java.version: '1.8.0_331'
Driver info: org.openqa.selenium.edge.EdgeDriver
Command: [516de80fb25c129a86a54863db93958f, clickElement {id=6edd58c2-dbbe-4f51-8df3-b0932d19075d}]
Capabilities {acceptInsecureCerts: false, browserName: msedge, browserVersion: 103.0.1264.37, javascriptEnabled: true, ms:edgeOptions: {debuggerAddress: localhost:57196}, msedge: {msedgedriverVersion: 103.0.1264.37 (e3a6d3b5b3c3..., userDataDir: C:\Users\asus\AppData\Local...}, networkConnectionEnabled: false, pageLoadStrategy: normal, platform: WINDOWS, platformName: WINDOWS, proxy: Proxy(), se:cdp: ws://localhost:57196/devtoo..., se:cdpVersion: 103.0.1264.37, setWindowRect: true, strictFileInteractability: false, timeouts: {implicit: 0, pageLoad: 300000, script: 30000}, unhandledPromptBehavior: dismiss and notify, webauthn:extension:credBlob: true, webauthn:extension:largeBlob: true, webauthn:virtualAuthenticators: true}
Element: [[EdgeDriver: msedge on WINDOWS (516de80fb25c129a86a54863db93958f)] -> xpath: //a[@class='site-header__icon site-header__account']]
Session ID: 516de80fb25c129a86a54863db93958f
at org.openqa.selenium.remote.codec.w3c.W3CHttpResponseCodec.createException(W3CHttpResponseCodec.java:200)
at org.openqa.selenium.remote.codec.w3c.W3CHttpResponseCodec.decode(W3CHttpResponseCodec.java:133)
at org.openqa.selenium.remote.codec.w3c.W3CHttpResponseCodec.decode(W3CHttpResponseCodec.java:53)
at org.openqa.selenium.remote.HttpCommandExecutor.execute(HttpCommandExecutor.java:184)
at org.openqa.selenium.remote.service.DriverCommandExecutor.invokeExecute(DriverCommandExecutor.java:164)
at org.openqa.selenium.remote.service.DriverCommandExecutor.execute(DriverCommandExecutor.java:139)
at org.openqa.selenium.remote.RemoteWebDriver.execute(RemoteWebDriver.java:559)
at org.openqa.selenium.remote.RemoteWebElement.execute(RemoteWebElement.java:251)
at org.openqa.selenium.remote.RemoteWebElement.click(RemoteWebElement.java:77)
at org.openqa.selenium.support.pagefactory.internal.LocatingElementHandler.invoke(LocatingElementHandler.java:52)
at com.sun.proxy.$Proxy17.click(Unknown Source)
at org.utilities.BaseClass1.clickbtn(BaseClass1.java:202)
at test.LoginTest.lunchURL(LoginTest.java:64)
at java.util.ArrayList.forEach(Unknown Source)
at java.util.concurrent.FutureTask.run(Unknown Source)
at java.util.concurrent.ThreadPoolExecutor.runWorker(Unknown Source)
at java.util.concurrent.ThreadPoolExecutor$Worker.run(Unknown Source)
at java.lang.Thread.run(Unknown Source)
... Removed 30 stack frames]]>
    </failure>
  </testcase> <!-- @BeforeMethod lunchURL -->
  <testcase name="@AfterMethod time" time="-1.656315926349E9" classname="test.LoginTest">
    <skipped/>
  </testcase> <!-- @AfterMethod time -->
  <testcase name="@BeforeMethod lunchBrowser" time="-1.656315926823E9" classname="test.LoginTest">
    <skipped/>
  </testcase> <!-- @BeforeMethod lunchBrowser -->
  <testcase name="@BeforeMethod lunchURL" time="-1.656315926827E9" classname="test.LoginTest">
    <skipped/>
  </testcase> <!-- @BeforeMethod lunchURL -->
  <testcase name="@AfterMethod time" time="-1.656315926841E9" classname="test.LoginTest">
    <skipped/>
  </testcase> <!-- @AfterMethod time -->
  <testcase name="@BeforeMethod lunchBrowser" time="-1.656315926846E9" classname="test.LoginTest">
    <skipped/>
  </testcase> <!-- @BeforeMethod lunchBrowser -->
  <testcase name="@BeforeMethod lunchURL" time="-1.656315926857E9" classname="test.LoginTest">
    <skipped/>
  </testcase> <!-- @BeforeMethod lunchURL -->
  <testcase name="@AfterMethod time" time="-1.656315926873E9" classname="test.LoginTest">
    <skipped/>
  </testcase> <!-- @AfterMethod time -->
  <testcase name="@BeforeMethod lunchBrowser" time="-1.656315926875E9" classname="test.LoginTest">
    <skipped/>
  </testcase> <!-- @BeforeMethod lunchBrowser -->
  <testcase name="@BeforeMethod lunchURL" time="-1.656315926878E9" classname="test.LoginTest">
    <skipped/>
  </testcase> <!-- @BeforeMethod lunchURL -->
  <testcase name="@AfterMethod time" time="-1.656315926888E9" classname="test.LoginTest">
    <skipped/>
  </testcase> <!-- @AfterMethod time -->
  <testcase name="@AfterClass closeBrowser" time="-1.65631592689E9" classname="test.LoginTest">
    <skipped/>
  </testcase> <!-- @AfterClass closeBrowser -->
  <testcase name="Invalid_userName_And_InValid_Password" time="0.0" classname="test.LoginTest">
    <skipped/>
  </testcase> <!-- Invalid_userName_And_InValid_Password -->
  <testcase name="Invalid_userName_And_Valid_Password" time="0.0" classname="test.LoginTest">
    <skipped/>
  </testcase> <!-- Invalid_userName_And_Valid_Password -->
  <testcase name="Valid_userName_And_Valid_Password" time="0.0" classname="test.LoginTest">
    <skipped/>
  </testcase> <!-- Valid_userName_And_Valid_Password -->
  <testcase name="valid_userName_And_InValid_Password" time="0.0" classname="test.LoginTest">
    <skipped/>
  </testcase> <!-- valid_userName_And_InValid_Password -->
</testsuite> <!-- ChromeBrowser -->
