<?xml version="1.0" encoding="UTF-8"?>
<!-- Generated by org.testng.reporters.JUnitXMLReporter -->
<testsuite hostname="user" ignored="0" name="EdgeBrowser" tests="4" failures="0" timestamp="2022-06-27T13:17:14 IST" time="173.218" errors="0">
  <testcase name="@BeforeMethod lunchURL" time="64.571" classname="test.LoginTest">
    <failure type="org.openqa.selenium.WebDriverException" message="unknown error: cannot determine loading status
from unknown error: unexpected command response
  (Session info: MicrosoftEdge=103.0.1264.37)
Build info: version: &amp;apos;4.1.0&amp;apos;, revision: &amp;apos;87802e897b&amp;apos;
System info: host: &amp;apos;USER&amp;apos;, ip: &amp;apos;192.168.1.8&amp;apos;, os.name: &amp;apos;Windows 8.1&amp;apos;, os.arch: &amp;apos;amd64&amp;apos;, os.version: &amp;apos;6.3&amp;apos;, java.version: &amp;apos;1.8.0_331&amp;apos;
Driver info: org.openqa.selenium.edge.EdgeDriver
Command: [c1813accdbeb501fcc8172d28df26e3b, clickElement {id=5fa9a9d2-8260-437b-8839-0a0e8b534794}]
Capabilities {acceptInsecureCerts: false, browserName: msedge, browserVersion: 103.0.1264.37, javascriptEnabled: true, ms:edgeOptions: {debuggerAddress: localhost:57371}, msedge: {msedgedriverVersion: 103.0.1264.37 (e3a6d3b5b3c3..., userDataDir: C:\Users\asus\AppData\Local...}, networkConnectionEnabled: false, pageLoadStrategy: normal, platform: WINDOWS, platformName: WINDOWS, proxy: Proxy(), se:cdp: ws://localhost:57371/devtoo..., se:cdpVersion: 103.0.1264.37, setWindowRect: true, strictFileInteractability: false, timeouts: {implicit: 0, pageLoad: 300000, script: 30000}, unhandledPromptBehavior: dismiss and notify, webauthn:extension:credBlob: true, webauthn:extension:largeBlob: true, webauthn:virtualAuthenticators: true}
Element: [[EdgeDriver: msedge on WINDOWS (c1813accdbeb501fcc8172d28df26e3b)] -&amp;gt; xpath: //a[@class=&amp;apos;site-header__icon site-header__account&amp;apos;]]
Session ID: c1813accdbeb501fcc8172d28df26e3b">
      <![CDATA[org.openqa.selenium.WebDriverException: unknown error: cannot determine loading status
from unknown error: unexpected command response
  (Session info: MicrosoftEdge=103.0.1264.37)
Build info: version: '4.1.0', revision: '87802e897b'
System info: host: 'USER', ip: '192.168.1.8', os.name: 'Windows 8.1', os.arch: 'amd64', os.version: '6.3', java.version: '1.8.0_331'
Driver info: org.openqa.selenium.edge.EdgeDriver
Command: [c1813accdbeb501fcc8172d28df26e3b, clickElement {id=5fa9a9d2-8260-437b-8839-0a0e8b534794}]
Capabilities {acceptInsecureCerts: false, browserName: msedge, browserVersion: 103.0.1264.37, javascriptEnabled: true, ms:edgeOptions: {debuggerAddress: localhost:57371}, msedge: {msedgedriverVersion: 103.0.1264.37 (e3a6d3b5b3c3..., userDataDir: C:\Users\asus\AppData\Local...}, networkConnectionEnabled: false, pageLoadStrategy: normal, platform: WINDOWS, platformName: WINDOWS, proxy: Proxy(), se:cdp: ws://localhost:57371/devtoo..., se:cdpVersion: 103.0.1264.37, setWindowRect: true, strictFileInteractability: false, timeouts: {implicit: 0, pageLoad: 300000, script: 30000}, unhandledPromptBehavior: dismiss and notify, webauthn:extension:credBlob: true, webauthn:extension:largeBlob: true, webauthn:virtualAuthenticators: true}
Element: [[EdgeDriver: msedge on WINDOWS (c1813accdbeb501fcc8172d28df26e3b)] -> xpath: //a[@class='site-header__icon site-header__account']]
Session ID: c1813accdbeb501fcc8172d28df26e3b
at org.openqa.selenium.remote.codec.w3c.W3CHttpResponseCodec.createException(W3CHttpResponseCodec.java:200)
at org.openqa.selenium.remote.codec.w3c.W3CHttpResponseCodec.decode(W3CHttpResponseCodec.java:133)
at org.openqa.selenium.remote.codec.w3c.W3CHttpResponseCodec.decode(W3CHttpResponseCodec.java:53)
at org.openqa.selenium.remote.HttpCommandExecutor.execute(HttpCommandExecutor.java:184)
at org.openqa.selenium.remote.service.DriverCommandExecutor.invokeExecute(DriverCommandExecutor.java:164)
at org.openqa.selenium.remote.service.DriverCommandExecutor.execute(DriverCommandExecutor.java:139)
at org.openqa.selenium.remote.RemoteWebDriver.execute(RemoteWebDriver.java:559)
at org.openqa.selenium.remote.RemoteWebElement.execute(RemoteWebElement.java:251)
at org.openqa.selenium.remote.RemoteWebElement.click(RemoteWebElement.java:77)
at org.openqa.selenium.support.pagefactory.internal.LocatingElementHandler.invoke(LocatingElementHandler.java:52)
at com.sun.proxy.$Proxy17.click(Unknown Source)
at org.utilities.BaseClass1.clickbtn(BaseClass1.java:202)
at test.LoginTest.lunchURL(LoginTest.java:64)
at java.util.ArrayList.forEach(Unknown Source)
at java.util.concurrent.FutureTask.run(Unknown Source)
at java.util.concurrent.ThreadPoolExecutor.runWorker(Unknown Source)
at java.util.concurrent.ThreadPoolExecutor$Worker.run(Unknown Source)
at java.lang.Thread.run(Unknown Source)
... Removed 30 stack frames]]>
    </failure>
  </testcase> <!-- @BeforeMethod lunchURL -->
  <testcase name="@AfterMethod time" time="-1.656316033928E9" classname="test.LoginTest">
    <skipped/>
  </testcase> <!-- @AfterMethod time -->
  <testcase name="@BeforeMethod lunchBrowser" time="-1.656316033932E9" classname="test.LoginTest">
    <skipped/>
  </testcase> <!-- @BeforeMethod lunchBrowser -->
  <testcase name="@BeforeMethod lunchURL" time="-1.656316033946E9" classname="test.LoginTest">
    <skipped/>
  </testcase> <!-- @BeforeMethod lunchURL -->
  <testcase name="@AfterMethod time" time="-1.656316033968E9" classname="test.LoginTest">
    <skipped/>
  </testcase> <!-- @AfterMethod time -->
  <testcase name="@BeforeMethod lunchBrowser" time="-1.656316034065E9" classname="test.LoginTest">
    <skipped/>
  </testcase> <!-- @BeforeMethod lunchBrowser -->
  <testcase name="@BeforeMethod lunchURL" time="-1.656316034068E9" classname="test.LoginTest">
    <skipped/>
  </testcase> <!-- @BeforeMethod lunchURL -->
  <testcase name="@AfterMethod time" time="-1.656316034086E9" classname="test.LoginTest">
    <skipped/>
  </testcase> <!-- @AfterMethod time -->
  <testcase name="@AfterClass closeBrowser" time="-1.65631603409E9" classname="test.LoginTest">
    <skipped/>
  </testcase> <!-- @AfterClass closeBrowser -->
  <testcase name="Invalid_userName_And_InValid_Password" time="33.245" classname="test.LoginTest"/>
  <testcase name="Invalid_userName_And_Valid_Password" time="0.0" classname="test.LoginTest">
    <skipped/>
  </testcase> <!-- Invalid_userName_And_Valid_Password -->
  <testcase name="Valid_userName_And_Valid_Password" time="0.0" classname="test.LoginTest">
    <skipped/>
  </testcase> <!-- Valid_userName_And_Valid_Password -->
  <testcase name="valid_userName_And_InValid_Password" time="0.0" classname="test.LoginTest">
    <skipped/>
  </testcase> <!-- valid_userName_And_InValid_Password -->
</testsuite> <!-- EdgeBrowser -->
