<?xml version="1.0" encoding="UTF-8"?>
<!-- Generated by org.testng.reporters.JUnitXMLReporter -->
<testsuite hostname="user" ignored="0" name="FirefoxBrowser" tests="4" failures="0" timestamp="2022-06-27T13:17:12 IST" time="171.472" errors="0">
  <testcase name="@BeforeMethod lunchBrowser" time="171.262" classname="test.LoginTest">
    <failure type="org.openqa.selenium.SessionNotCreatedException" message="Could not start a new session. Response code 500. Message: Failed to read marionette port
Build info: version: &amp;apos;4.1.0&amp;apos;, revision: &amp;apos;87802e897b&amp;apos;
System info: host: &amp;apos;USER&amp;apos;, ip: &amp;apos;192.168.1.8&amp;apos;, os.name: &amp;apos;Windows 8.1&amp;apos;, os.arch: &amp;apos;amd64&amp;apos;, os.version: &amp;apos;6.3&amp;apos;, java.version: &amp;apos;1.8.0_331&amp;apos;
Driver info: org.openqa.selenium.firefox.FirefoxDriver
Command: [null, newSession {capabilities=[Capabilities {acceptInsecureCerts: true, browserName: firefox, moz:debuggerAddress: true, moz:firefoxOptions: {}}], desiredCapabilities=Capabilities {acceptInsecureCerts: true, browserName: firefox, moz:debuggerAddress: true, moz:firefoxOptions: {}}}]">
      <![CDATA[org.openqa.selenium.SessionNotCreatedException: Could not start a new session. Response code 500. Message: Failed to read marionette port
Build info: version: '4.1.0', revision: '87802e897b'
System info: host: 'USER', ip: '192.168.1.8', os.name: 'Windows 8.1', os.arch: 'amd64', os.version: '6.3', java.version: '1.8.0_331'
Driver info: org.openqa.selenium.firefox.FirefoxDriver
Command: [null, newSession {capabilities=[Capabilities {acceptInsecureCerts: true, browserName: firefox, moz:debuggerAddress: true, moz:firefoxOptions: {}}], desiredCapabilities=Capabilities {acceptInsecureCerts: true, browserName: firefox, moz:debuggerAddress: true, moz:firefoxOptions: {}}}]
at org.openqa.selenium.remote.ProtocolHandshake.createSession(ProtocolHandshake.java:126)
at org.openqa.selenium.remote.ProtocolHandshake.createSession(ProtocolHandshake.java:84)
at org.openqa.selenium.remote.ProtocolHandshake.createSession(ProtocolHandshake.java:62)
at org.openqa.selenium.remote.HttpCommandExecutor.execute(HttpCommandExecutor.java:156)
at org.openqa.selenium.remote.service.DriverCommandExecutor.invokeExecute(DriverCommandExecutor.java:164)
at org.openqa.selenium.remote.service.DriverCommandExecutor.execute(DriverCommandExecutor.java:139)
at org.openqa.selenium.remote.RemoteWebDriver.execute(RemoteWebDriver.java:559)
at org.openqa.selenium.remote.RemoteWebDriver.startSession(RemoteWebDriver.java:246)
at org.openqa.selenium.remote.RemoteWebDriver.<init>(RemoteWebDriver.java:168)
at org.openqa.selenium.firefox.FirefoxDriver.<init>(FirefoxDriver.java:198)
at org.openqa.selenium.firefox.FirefoxDriver.<init>(FirefoxDriver.java:186)
at org.openqa.selenium.firefox.FirefoxDriver.<init>(FirefoxDriver.java:164)
at test.LoginTest.lunchBrowser(LoginTest.java:36)
at java.util.ArrayList.forEach(Unknown Source)
at java.util.concurrent.FutureTask.run(Unknown Source)
at java.util.concurrent.ThreadPoolExecutor.runWorker(Unknown Source)
at java.util.concurrent.ThreadPoolExecutor$Worker.run(Unknown Source)
at java.lang.Thread.run(Unknown Source)
... Removed 22 stack frames]]>
    </failure>
  </testcase> <!-- @BeforeMethod lunchBrowser -->
  <testcase name="@BeforeMethod lunchURL" time="-1.656316032232E9" classname="test.LoginTest">
    <skipped/>
  </testcase> <!-- @BeforeMethod lunchURL -->
  <testcase name="@AfterMethod time" time="-1.656316032248E9" classname="test.LoginTest">
    <skipped/>
  </testcase> <!-- @AfterMethod time -->
  <testcase name="@BeforeMethod lunchBrowser" time="-1.656316032253E9" classname="test.LoginTest">
    <skipped/>
  </testcase> <!-- @BeforeMethod lunchBrowser -->
  <testcase name="@BeforeMethod lunchURL" time="-1.656316032258E9" classname="test.LoginTest">
    <skipped/>
  </testcase> <!-- @BeforeMethod lunchURL -->
  <testcase name="@AfterMethod time" time="-1.656316032274E9" classname="test.LoginTest">
    <skipped/>
  </testcase> <!-- @AfterMethod time -->
  <testcase name="@BeforeMethod lunchBrowser" time="-1.656316032282E9" classname="test.LoginTest">
    <skipped/>
  </testcase> <!-- @BeforeMethod lunchBrowser -->
  <testcase name="@BeforeMethod lunchURL" time="-1.656316032285E9" classname="test.LoginTest">
    <skipped/>
  </testcase> <!-- @BeforeMethod lunchURL -->
  <testcase name="@AfterMethod time" time="-1.656316032295E9" classname="test.LoginTest">
    <skipped/>
  </testcase> <!-- @AfterMethod time -->
  <testcase name="@BeforeMethod lunchBrowser" time="-1.656316032299E9" classname="test.LoginTest">
    <skipped/>
  </testcase> <!-- @BeforeMethod lunchBrowser -->
  <testcase name="@BeforeMethod lunchURL" time="-1.65631603232E9" classname="test.LoginTest">
    <skipped/>
  </testcase> <!-- @BeforeMethod lunchURL -->
  <testcase name="@AfterMethod time" time="-1.656316032346E9" classname="test.LoginTest">
    <skipped/>
  </testcase> <!-- @AfterMethod time -->
  <testcase name="@AfterClass closeBrowser" time="-1.656316032348E9" classname="test.LoginTest">
    <skipped/>
  </testcase> <!-- @AfterClass closeBrowser -->
  <testcase name="Invalid_userName_And_InValid_Password" time="0.0" classname="test.LoginTest">
    <skipped/>
  </testcase> <!-- Invalid_userName_And_InValid_Password -->
  <testcase name="Invalid_userName_And_Valid_Password" time="0.0" classname="test.LoginTest">
    <skipped/>
  </testcase> <!-- Invalid_userName_And_Valid_Password -->
  <testcase name="Valid_userName_And_Valid_Password" time="0.0" classname="test.LoginTest">
    <skipped/>
  </testcase> <!-- Valid_userName_And_Valid_Password -->
  <testcase name="valid_userName_And_InValid_Password" time="0.0" classname="test.LoginTest">
    <skipped/>
  </testcase> <!-- valid_userName_And_InValid_Password -->
</testsuite> <!-- FirefoxBrowser -->
