<?xml version="1.0" encoding="UTF-8"?>
<!-- Generated by org.testng.reporters.JUnitXMLReporter -->
<testsuite hostname="user" ignored="0" name="Test" tests="55" failures="5" timestamp="2022-06-18T20:28:13 IST" time="331.18" errors="0">
  <testcase name="Validate_navigating_from_Home_Page_from_All_Products_page" time="3.727" classname="test.HomePageTest"/>
  <testcase name="Validate_navigating_from_Home_Page_from_BECOME_A_RESELLER_UPDATED_Page" time="2.451" classname="test.HomePageTest"/>
  <testcase name="Validate_navigating_from_Home_Page_from_Beef" time="5.303" classname="test.HomePageTest"/>
  <testcase name="Validate_navigating_from_Home_Page_from_Bounty_Fresh_Honey_BUY_NOW_page" time="2.276" classname="test.HomePageTest"/>
  <testcase name="Validate_navigating_from_Home_Page_from_Breaded_Chicken_page" time="13.652" classname="test.HomePageTest"/>
  <testcase name="Validate_navigating_from_Home_Page_from_Easy_Recipes_page" time="4.556" classname="test.HomePageTest"/>
  <testcase name="Validate_navigating_from_Home_Page_from_FREQUENTLY_ASKED_QUESTIONS_Page" time="2.14" classname="test.HomePageTest"/>
  <testcase name="Validate_navigating_from_Home_Page_from_Marinated_Chicken_page" time="12.511" classname="test.HomePageTest"/>
  <testcase name="Validate_navigating_from_Home_Page_from_Marinated_Pork_page" time="13.094" classname="test.HomePageTest"/>
  <testcase name="Validate_navigating_from_Home_Page_from_Produce" time="2.844" classname="test.HomePageTest"/>
  <testcase name="Validate_navigating_from_Home_Page_from_Quick_links_All_Products_page" time="2.433" classname="test.HomePageTest"/>
  <testcase name="Validate_navigating_from_Home_Page_from_Quick_links_BECOME_A_RESELLER_UPDATED_page" time="1.732" classname="test.HomePageTest">
    <skipped/>
  </testcase> <!-- Validate_navigating_from_Home_Page_from_Quick_links_BECOME_A_RESELLER_UPDATED_page -->
  <testcase name="Validate_navigating_from_Home_Page_from_Quick_links_BECOME_A_RESELLER_UPDATED_page" time="1.711" classname="test.HomePageTest">
    <skipped/>
  </testcase> <!-- Validate_navigating_from_Home_Page_from_Quick_links_BECOME_A_RESELLER_UPDATED_page -->
  <testcase name="Validate_navigating_from_Home_Page_from_Quick_links_BECOME_A_RESELLER_UPDATED_page" time="1.607" classname="test.HomePageTest">
    <skipped/>
  </testcase> <!-- Validate_navigating_from_Home_Page_from_Quick_links_BECOME_A_RESELLER_UPDATED_page -->
  <testcase name="Validate_navigating_from_Home_Page_from_Quick_links_BECOME_A_RESELLER_UPDATED_page" time="1.409" classname="test.HomePageTest">
    <failure type="java.lang.AssertionError" message="expected [true] but found [false]">
      <![CDATA[java.lang.AssertionError: expected [true] but found [false]
at test.HomePageTest.Validate_navigating_from_Home_Page_from_Quick_links_BECOME_A_RESELLER_UPDATED_page(HomePageTest.java:431)
at java.util.ArrayList.forEach(Unknown Source)
... Removed 31 stack frames]]>
    </failure>
  </testcase> <!-- Validate_navigating_from_Home_Page_from_Quick_links_BECOME_A_RESELLER_UPDATED_page -->
  <testcase name="Validate_navigating_from_Home_Page_from_Quick_links_Beef_Page" time="1.45" classname="test.HomePageTest"/>
  <testcase name="Validate_navigating_from_Home_Page_from_Quick_links_Chicken_page" time="2.171" classname="test.HomePageTest"/>
  <testcase name="Validate_navigating_from_Home_Page_from_Quick_links_Easy_Recipes_page" time="2.21" classname="test.HomePageTest"/>
  <testcase name="Validate_navigating_from_Home_Page_from_Quick_links_FREQUENTLY_ASKED_QUESTIONS_page" time="3.046" classname="test.HomePageTest"/>
  <testcase name="Validate_navigating_from_Home_Page_from_Quick_links_Privacy_Policy_page" time="2.252" classname="test.HomePageTest"/>
  <testcase name="Validate_navigating_from_Home_Page_from_Quick_links_Produce_page" time="1.733" classname="test.HomePageTest"/>
  <testcase name="Validate_navigating_from_Home_Page_from_Quick_links_Prok_page" time="1.912" classname="test.HomePageTest"/>
  <testcase name="Validate_navigating_from_Home_Page_from_Quick_links_Ready_to_Cook_page" time="2.101" classname="test.HomePageTest"/>
  <testcase name="Validate_navigating_from_Home_Page_from_READY_TO_COOK_page" time="1.75" classname="test.HomePageTest"/>
  <testcase name="Validate_navigating_from_Home_Page_from_Ready_to_Cook" time="1.7" classname="test.HomePageTest"/>
  <testcase name="Validate_navigating_from_Home_Page_from_SHOP_BY_CATEGORY_SHOP_CHICKEN_page" time="2.355" classname="test.HomePageTest"/>
  <testcase name="Validate_navigating_from_Home_Page_from_SHOP_BY_CATEGORY_SHOP_PORK_page" time="1.839" classname="test.HomePageTest"/>
  <testcase name="Validate_navigating_from_Home_Page_from_Whole_Chicken_page" time="12.003" classname="test.HomePageTest"/>
  <testcase name="Validate_navigating_from_Home_Page_from_cut_ups_Chicken_page" time="12.696" classname="test.HomePageTest"/>
  <testcase name="Validate_navigating_from_Home_Page_from_prok_page" time="2.156" classname="test.HomePageTest"/>
  <testcase name="Verify_in_Home_Page_Image_Bounty_Fresh_Reseller" time="0.185" classname="test.HomePageTest"/>
  <testcase name="Verify_in_Home_Page_Product_is_Display_Chicken_Breast" time="0.271" classname="test.HomePageTest"/>
  <testcase name="Verify_in_Home_Page_Product_is_Display_Chicken_Breast_Fillet_Skinless" time="0.06" classname="test.HomePageTest"/>
  <testcase name="Verify_in_Home_Page_Product_is_Display_Chicken_Drumstick" time="0.206" classname="test.HomePageTest"/>
  <testcase name="Verify_in_Home_Page_Product_is_Display_Chicken_Leg_Quarter" time="0.212" classname="test.HomePageTest"/>
  <testcase name="Verify_in_Home_Page_Product_is_Display_Chicken_Thigh" time="0.104" classname="test.HomePageTest"/>
  <testcase name="Verify_in_Home_Page_Product_is_Display_Chicken_Thigh_Fillet_Skinless" time="0.097" classname="test.HomePageTest"/>
  <testcase name="Verify_in_Home_Page_lable_BECOME_A_RESELLER" time="0.888" classname="test.HomePageTest">
    <skipped/>
  </testcase> <!-- Verify_in_Home_Page_lable_BECOME_A_RESELLER -->
  <testcase name="Verify_in_Home_Page_lable_BECOME_A_RESELLER" time="0.583" classname="test.HomePageTest">
    <skipped/>
  </testcase> <!-- Verify_in_Home_Page_lable_BECOME_A_RESELLER -->
  <testcase name="Verify_in_Home_Page_lable_BECOME_A_RESELLER" time="0.198" classname="test.HomePageTest">
    <skipped/>
  </testcase> <!-- Verify_in_Home_Page_lable_BECOME_A_RESELLER -->
  <testcase name="Verify_in_Home_Page_lable_BECOME_A_RESELLER" time="0.405" classname="test.HomePageTest">
    <failure type="java.lang.AssertionError" message="expected [true] but found [false]">
      <![CDATA[java.lang.AssertionError: expected [true] but found [false]
at test.HomePageTest.Verify_in_Home_Page_lable_BECOME_A_RESELLER(HomePageTest.java:184)
at java.util.ArrayList.forEach(Unknown Source)
... Removed 31 stack frames]]>
    </failure>
  </testcase> <!-- Verify_in_Home_Page_lable_BECOME_A_RESELLER -->
  <testcase name="Verify_in_Home_Page_lable_Bounty_Fresh_Honey" time="0.23" classname="test.HomePageTest"/>
  <testcase name="Verify_in_Home_Page_lable_Featured_Products" time="0.24" classname="test.HomePageTest">
    <skipped/>
  </testcase> <!-- Verify_in_Home_Page_lable_Featured_Products -->
  <testcase name="Verify_in_Home_Page_lable_Featured_Products" time="0.253" classname="test.HomePageTest">
    <skipped/>
  </testcase> <!-- Verify_in_Home_Page_lable_Featured_Products -->
  <testcase name="Verify_in_Home_Page_lable_Featured_Products" time="0.308" classname="test.HomePageTest">
    <skipped/>
  </testcase> <!-- Verify_in_Home_Page_lable_Featured_Products -->
  <testcase name="Verify_in_Home_Page_lable_Featured_Products" time="0.17" classname="test.HomePageTest">
    <failure type="java.lang.AssertionError" message="expected [true] but found [false]">
      <![CDATA[java.lang.AssertionError: expected [true] but found [false]
at test.HomePageTest.Verify_in_Home_Page_lable_Featured_Products(HomePageTest.java:206)
at java.util.ArrayList.forEach(Unknown Source)
... Removed 31 stack frames]]>
    </failure>
  </testcase> <!-- Verify_in_Home_Page_lable_Featured_Products -->
  <testcase name="Verify_in_Home_Page_lable_Quick_links" time="10.095" classname="test.HomePageTest">
    <skipped/>
  </testcase> <!-- Verify_in_Home_Page_lable_Quick_links -->
  <testcase name="Verify_in_Home_Page_lable_Quick_links" time="10.047" classname="test.HomePageTest">
    <skipped/>
  </testcase> <!-- Verify_in_Home_Page_lable_Quick_links -->
  <testcase name="Verify_in_Home_Page_lable_Quick_links" time="10.053" classname="test.HomePageTest">
    <skipped/>
  </testcase> <!-- Verify_in_Home_Page_lable_Quick_links -->
  <testcase name="Verify_in_Home_Page_lable_Quick_links" time="10.058" classname="test.HomePageTest">
    <failure type="org.openqa.selenium.NoSuchElementException" message="no such element: Unable to locate element: {&amp;quot;method&amp;quot;:&amp;quot;xpath&amp;quot;,&amp;quot;selector&amp;quot;:&amp;quot;//h2[text()=&amp;apos;Quick links&amp;apos;]&amp;quot;}
  (Session info: chrome=102.0.5005.115)
For documentation on this error, please visit: https://selenium.dev/exceptions/#no_such_element
Build info: version: &amp;apos;4.1.0&amp;apos;, revision: &amp;apos;87802e897b&amp;apos;
System info: host: &amp;apos;USER&amp;apos;, ip: &amp;apos;192.168.1.6&amp;apos;, os.name: &amp;apos;Windows 8.1&amp;apos;, os.arch: &amp;apos;amd64&amp;apos;, os.version: &amp;apos;6.3&amp;apos;, java.version: &amp;apos;1.8.0_331&amp;apos;
Driver info: org.openqa.selenium.chrome.ChromeDriver
Command: [1111398798fe969ad7e5142c35ea69eb, findElement {using=xpath, value=//h2[text()=&amp;apos;Quick links&amp;apos;]}]
Capabilities {acceptInsecureCerts: false, browserName: chrome, browserVersion: 102.0.5005.115, chrome: {chromedriverVersion: 102.0.5005.61 (0e59bcc00cc4..., userDataDir: C:\Users\asus\AppData\Local...}, goog:chromeOptions: {debuggerAddress: localhost:63384}, javascriptEnabled: true, networkConnectionEnabled: false, pageLoadStrategy: normal, platform: WINDOWS, platformName: WINDOWS, proxy: Proxy(), se:cdp: ws://localhost:63384/devtoo..., se:cdpVersion: 102.0.5005.115, setWindowRect: true, strictFileInteractability: false, timeouts: {implicit: 0, pageLoad: 300000, script: 30000}, unhandledPromptBehavior: dismiss and notify, webauthn:extension:credBlob: true, webauthn:extension:largeBlob: true, webauthn:virtualAuthenticators: true}
Session ID: 1111398798fe969ad7e5142c35ea69eb">
      <![CDATA[org.openqa.selenium.NoSuchElementException: no such element: Unable to locate element: {"method":"xpath","selector":"//h2[text()='Quick links']"}
  (Session info: chrome=102.0.5005.115)
For documentation on this error, please visit: https://selenium.dev/exceptions/#no_such_element
Build info: version: '4.1.0', revision: '87802e897b'
System info: host: 'USER', ip: '192.168.1.6', os.name: 'Windows 8.1', os.arch: 'amd64', os.version: '6.3', java.version: '1.8.0_331'
Driver info: org.openqa.selenium.chrome.ChromeDriver
Command: [1111398798fe969ad7e5142c35ea69eb, findElement {using=xpath, value=//h2[text()='Quick links']}]
Capabilities {acceptInsecureCerts: false, browserName: chrome, browserVersion: 102.0.5005.115, chrome: {chromedriverVersion: 102.0.5005.61 (0e59bcc00cc4..., userDataDir: C:\Users\asus\AppData\Local...}, goog:chromeOptions: {debuggerAddress: localhost:63384}, javascriptEnabled: true, networkConnectionEnabled: false, pageLoadStrategy: normal, platform: WINDOWS, platformName: WINDOWS, proxy: Proxy(), se:cdp: ws://localhost:63384/devtoo..., se:cdpVersion: 102.0.5005.115, setWindowRect: true, strictFileInteractability: false, timeouts: {implicit: 0, pageLoad: 300000, script: 30000}, unhandledPromptBehavior: dismiss and notify, webauthn:extension:credBlob: true, webauthn:extension:largeBlob: true, webauthn:virtualAuthenticators: true}
Session ID: 1111398798fe969ad7e5142c35ea69eb
at org.openqa.selenium.remote.codec.w3c.W3CHttpResponseCodec.createException(W3CHttpResponseCodec.java:200)
at org.openqa.selenium.remote.codec.w3c.W3CHttpResponseCodec.decode(W3CHttpResponseCodec.java:133)
at org.openqa.selenium.remote.codec.w3c.W3CHttpResponseCodec.decode(W3CHttpResponseCodec.java:53)
at org.openqa.selenium.remote.HttpCommandExecutor.execute(HttpCommandExecutor.java:184)
at org.openqa.selenium.remote.service.DriverCommandExecutor.invokeExecute(DriverCommandExecutor.java:164)
at org.openqa.selenium.remote.service.DriverCommandExecutor.execute(DriverCommandExecutor.java:139)
at org.openqa.selenium.remote.RemoteWebDriver.execute(RemoteWebDriver.java:559)
at org.openqa.selenium.remote.ElementLocation$ElementFinder$2.findElement(ElementLocation.java:162)
at org.openqa.selenium.remote.ElementLocation.findElement(ElementLocation.java:60)
at org.openqa.selenium.remote.RemoteWebDriver.findElement(RemoteWebDriver.java:383)
at org.openqa.selenium.remote.RemoteWebDriver.findElement(RemoteWebDriver.java:375)
at org.openqa.selenium.support.pagefactory.DefaultElementLocator.findElement(DefaultElementLocator.java:70)
at org.openqa.selenium.support.pagefactory.internal.LocatingElementHandler.invoke(LocatingElementHandler.java:39)
at com.sun.proxy.$Proxy17.getText(Unknown Source)
at test.HomePageTest.Verify_in_Home_Page_lable_Quick_links(HomePageTest.java:337)
at java.util.ArrayList.forEach(Unknown Source)
... Removed 31 stack frames]]>
    </failure>
  </testcase> <!-- Verify_in_Home_Page_lable_Quick_links -->
  <testcase name="Verify_in_Home_Page_lable_SHOP_BY_CATEGORY" time="0.237" classname="test.HomePageTest"/>
  <testcase name="Validate_navigating_from_Home_Page_from_Create_your_online_store_today_with_Shopify_page" time="0.367" classname="test.HomePageTest">
    <skipped/>
  </testcase> <!-- Validate_navigating_from_Home_Page_from_Create_your_online_store_today_with_Shopify_page -->
  <testcase name="Validate_navigating_from_Home_Page_from_Create_your_online_store_today_with_Shopify_page" time="28.904" classname="test.HomePageTest">
    <skipped/>
  </testcase> <!-- Validate_navigating_from_Home_Page_from_Create_your_online_store_today_with_Shopify_page -->
  <testcase name="Validate_navigating_from_Home_Page_from_Create_your_online_store_today_with_Shopify_page" time="0.477" classname="test.HomePageTest">
    <skipped/>
  </testcase> <!-- Validate_navigating_from_Home_Page_from_Create_your_online_store_today_with_Shopify_page -->
  <testcase name="Validate_navigating_from_Home_Page_from_Create_your_online_store_today_with_Shopify_page" time="12.402" classname="test.HomePageTest">
    <failure type="org.openqa.selenium.NoSuchElementException" message="no such element: Unable to locate element: {&amp;quot;method&amp;quot;:&amp;quot;xpath&amp;quot;,&amp;quot;selector&amp;quot;:&amp;quot;(//a[contains(text(),&amp;apos;Powered by Shopify&amp;apos;)])[1]&amp;quot;}
  (Session info: chrome=102.0.5005.115)
For documentation on this error, please visit: https://selenium.dev/exceptions/#no_such_element
Build info: version: &amp;apos;4.1.0&amp;apos;, revision: &amp;apos;87802e897b&amp;apos;
System info: host: &amp;apos;USER&amp;apos;, ip: &amp;apos;192.168.1.6&amp;apos;, os.name: &amp;apos;Windows 8.1&amp;apos;, os.arch: &amp;apos;amd64&amp;apos;, os.version: &amp;apos;6.3&amp;apos;, java.version: &amp;apos;1.8.0_331&amp;apos;
Driver info: org.openqa.selenium.chrome.ChromeDriver
Command: [1111398798fe969ad7e5142c35ea69eb, findElement {using=xpath, value=(//a[contains(text(),&amp;apos;Powered by Shopify&amp;apos;)])[1]}]
Capabilities {acceptInsecureCerts: false, browserName: chrome, browserVersion: 102.0.5005.115, chrome: {chromedriverVersion: 102.0.5005.61 (0e59bcc00cc4..., userDataDir: C:\Users\asus\AppData\Local...}, goog:chromeOptions: {debuggerAddress: localhost:63384}, javascriptEnabled: true, networkConnectionEnabled: false, pageLoadStrategy: normal, platform: WINDOWS, platformName: WINDOWS, proxy: Proxy(), se:cdp: ws://localhost:63384/devtoo..., se:cdpVersion: 102.0.5005.115, setWindowRect: true, strictFileInteractability: false, timeouts: {implicit: 0, pageLoad: 300000, script: 30000}, unhandledPromptBehavior: dismiss and notify, webauthn:extension:credBlob: true, webauthn:extension:largeBlob: true, webauthn:virtualAuthenticators: true}
Session ID: 1111398798fe969ad7e5142c35ea69eb">
      <![CDATA[org.openqa.selenium.NoSuchElementException: no such element: Unable to locate element: {"method":"xpath","selector":"(//a[contains(text(),'Powered by Shopify')])[1]"}
  (Session info: chrome=102.0.5005.115)
For documentation on this error, please visit: https://selenium.dev/exceptions/#no_such_element
Build info: version: '4.1.0', revision: '87802e897b'
System info: host: 'USER', ip: '192.168.1.6', os.name: 'Windows 8.1', os.arch: 'amd64', os.version: '6.3', java.version: '1.8.0_331'
Driver info: org.openqa.selenium.chrome.ChromeDriver
Command: [1111398798fe969ad7e5142c35ea69eb, findElement {using=xpath, value=(//a[contains(text(),'Powered by Shopify')])[1]}]
Capabilities {acceptInsecureCerts: false, browserName: chrome, browserVersion: 102.0.5005.115, chrome: {chromedriverVersion: 102.0.5005.61 (0e59bcc00cc4..., userDataDir: C:\Users\asus\AppData\Local...}, goog:chromeOptions: {debuggerAddress: localhost:63384}, javascriptEnabled: true, networkConnectionEnabled: false, pageLoadStrategy: normal, platform: WINDOWS, platformName: WINDOWS, proxy: Proxy(), se:cdp: ws://localhost:63384/devtoo..., se:cdpVersion: 102.0.5005.115, setWindowRect: true, strictFileInteractability: false, timeouts: {implicit: 0, pageLoad: 300000, script: 30000}, unhandledPromptBehavior: dismiss and notify, webauthn:extension:credBlob: true, webauthn:extension:largeBlob: true, webauthn:virtualAuthenticators: true}
Session ID: 1111398798fe969ad7e5142c35ea69eb
at org.openqa.selenium.remote.codec.w3c.W3CHttpResponseCodec.createException(W3CHttpResponseCodec.java:200)
at org.openqa.selenium.remote.codec.w3c.W3CHttpResponseCodec.decode(W3CHttpResponseCodec.java:133)
at org.openqa.selenium.remote.codec.w3c.W3CHttpResponseCodec.decode(W3CHttpResponseCodec.java:53)
at org.openqa.selenium.remote.HttpCommandExecutor.execute(HttpCommandExecutor.java:184)
at org.openqa.selenium.remote.service.DriverCommandExecutor.invokeExecute(DriverCommandExecutor.java:164)
at org.openqa.selenium.remote.service.DriverCommandExecutor.execute(DriverCommandExecutor.java:139)
at org.openqa.selenium.remote.RemoteWebDriver.execute(RemoteWebDriver.java:559)
at org.openqa.selenium.remote.ElementLocation$ElementFinder$2.findElement(ElementLocation.java:162)
at org.openqa.selenium.remote.ElementLocation.findElement(ElementLocation.java:60)
at org.openqa.selenium.remote.RemoteWebDriver.findElement(RemoteWebDriver.java:383)
at org.openqa.selenium.remote.RemoteWebDriver.findElement(RemoteWebDriver.java:375)
at org.openqa.selenium.support.pagefactory.DefaultElementLocator.findElement(DefaultElementLocator.java:70)
at org.openqa.selenium.support.pagefactory.internal.LocatingElementHandler.invoke(LocatingElementHandler.java:39)
at com.sun.proxy.$Proxy17.getWrappedElement(Unknown Source)
at org.openqa.selenium.remote.internal.WebElementToJsonConverter.apply(WebElementToJsonConverter.java:51)
at java.util.stream.ReferencePipeline$3$1.accept(Unknown Source)
at java.util.Spliterators$ArraySpliterator.forEachRemaining(Unknown Source)
at java.util.stream.AbstractPipeline.copyInto(Unknown Source)
at java.util.stream.AbstractPipeline.wrapAndCopyInto(Unknown Source)
at java.util.stream.ReduceOps$ReduceOp.evaluateSequential(Unknown Source)
at java.util.stream.AbstractPipeline.evaluate(Unknown Source)
at java.util.stream.ReferencePipeline.collect(Unknown Source)
at org.openqa.selenium.remote.RemoteWebDriver.executeScript(RemoteWebDriver.java:490)
at org.utilities.BaseClass1.javaScriptExecutorClickcall(BaseClass1.java:467)
at test.HomePageTest.Validate_navigating_from_Home_Page_from_Create_your_online_store_today_with_Shopify_page(HomePageTest.java:448)
at java.util.ArrayList.forEach(Unknown Source)
... Removed 31 stack frames]]>
    </failure>
  </testcase> <!-- Validate_navigating_from_Home_Page_from_Create_your_online_store_today_with_Shopify_page -->
</testsuite> <!-- Test -->
