<!DOCTYPE html PUBLIC "-//W3C//DTD XHTML 1.1//EN" "https://www.w3.org/TR/xhtml11/DTD/xhtml11.dtd">
<html xmlns="https://www.w3.org/1999/xhtml">
<head>
<meta http-equiv="content-type" content="text/html; charset=UTF-8"/>
<title>TestNG Report</title>
<style type="text/css">table {margin-bottom:10px;border-collapse:collapse;empty-cells:show}th,td {border:1px solid #009;padding:.25em .5em}th {vertical-align:bottom}td {vertical-align:top}table a {font-weight:bold}.stripe td {background-color: #E6EBF9}.num {text-align:right}.passedodd td {background-color: #3F3}.passedeven td {background-color: #0A0}.skippedodd td {background-color: #DDD}.skippedeven td {background-color: #CCC}.failedodd td,.attn {background-color: #F33}.failedeven td,.stripe .attn {background-color: #D00}.stacktrace {white-space:pre;font-family:monospace}.totop {font-size:85%;text-align:center;border-bottom:2px solid #000}.invisible {display:none}</style>
</head>
<body>
<table>
<tr><th>Test</th><th># Passed</th><th># Skipped</th><th># Retried</th><th># Failed</th><th>Time (ms)</th><th>Included Groups</th><th>Excluded Groups</th></tr>
<tr><th colspan="8">Suite</th></tr>
<tr><td><a href="#t0">Test</a></td><td class="num">35</td><td class="num">0</td><td class="num attn">15</td><td class="num attn">5</td><td class="num">331,180</td><td></td><td></td></tr>
</table>
<table id='summary'><thead><tr><th>Class</th><th>Method</th><th>Start</th><th>Time (ms)</th></tr></thead><tbody><tr><th colspan="4">Suite</th></tr></tbody><tbody id="t0"><tr><th colspan="4">Test &#8212; failed</th></tr><tr class="failedeven"><td rowspan="5">test.HomePageTest</td><td><a href="#m0">Validate_navigating_from_Home_Page_from_Create_your_online_store_today_with_Shopify_page</a></td><td rowspan="1">1655564280266</td><td rowspan="1">12402</td></tr><tr class="failedeven"><td><a href="#m1">Validate_navigating_from_Home_Page_from_Quick_links_BECOME_A_RESELLER_UPDATED_page</a></td><td rowspan="1">1655564074273</td><td rowspan="1">1409</td></tr><tr class="failedeven"><td><a href="#m2">Verify_in_Home_Page_lable_BECOME_A_RESELLER</a></td><td rowspan="1">1655564174204</td><td rowspan="1">405</td></tr><tr class="failedeven"><td><a href="#m3">Verify_in_Home_Page_lable_Featured_Products</a></td><td rowspan="1">1655564182991</td><td rowspan="1">170</td></tr><tr class="failedeven"><td><a href="#m4">Verify_in_Home_Page_lable_Quick_links</a></td><td rowspan="1">1655564219550</td><td rowspan="1">10058</td></tr><tr><th colspan="4">Test &#8212; retried</th></tr><tr class="retriedeven"><td rowspan="15">test.HomePageTest</td><td><a href="#m5">Validate_navigating_from_Home_Page_from_Create_your_online_store_today_with_Shopify_page</a></td><td rowspan="3">1655564233391</td><td rowspan="3">367</td></tr><tr class="retriedeven"><td><a href="#m6">Validate_navigating_from_Home_Page_from_Create_your_online_store_today_with_Shopify_page</a></td></tr><tr class="retriedeven"><td><a href="#m7">Validate_navigating_from_Home_Page_from_Create_your_online_store_today_with_Shopify_page</a></td></tr><tr class="retriedeven"><td><a href="#m8">Validate_navigating_from_Home_Page_from_Quick_links_BECOME_A_RESELLER_UPDATED_page</a></td><td rowspan="3">1655564070872</td><td rowspan="3">1607</td></tr><tr class="retriedeven"><td><a href="#m9">Validate_navigating_from_Home_Page_from_Quick_links_BECOME_A_RESELLER_UPDATED_page</a></td></tr><tr class="retriedeven"><td><a href="#m10">Validate_navigating_from_Home_Page_from_Quick_links_BECOME_A_RESELLER_UPDATED_page</a></td></tr><tr class="retriedeven"><td><a href="#m11">Verify_in_Home_Page_lable_BECOME_A_RESELLER</a></td><td rowspan="3">1655564172313</td><td rowspan="3">198</td></tr><tr class="retriedeven"><td><a href="#m12">Verify_in_Home_Page_lable_BECOME_A_RESELLER</a></td></tr><tr class="retriedeven"><td><a href="#m13">Verify_in_Home_Page_lable_BECOME_A_RESELLER</a></td></tr><tr class="retriedeven"><td><a href="#m14">Verify_in_Home_Page_lable_Featured_Products</a></td><td rowspan="3">1655564179434</td><td rowspan="3">253</td></tr><tr class="retriedeven"><td><a href="#m15">Verify_in_Home_Page_lable_Featured_Products</a></td></tr><tr class="retriedeven"><td><a href="#m16">Verify_in_Home_Page_lable_Featured_Products</a></td></tr><tr class="retriedeven"><td><a href="#m17">Verify_in_Home_Page_lable_Quick_links</a></td><td rowspan="3">1655564196007</td><td rowspan="3">10047</td></tr><tr class="retriedeven"><td><a href="#m18">Verify_in_Home_Page_lable_Quick_links</a></td></tr><tr class="retriedeven"><td><a href="#m19">Verify_in_Home_Page_lable_Quick_links</a></td></tr><tr><th colspan="4">Test &#8212; passed</th></tr><tr class="passedeven"><td rowspan="35">test.HomePageTest</td><td><a href="#m20">Validate_navigating_from_Home_Page_from_All_Products_page</a></td><td rowspan="1">1655563977458</td><td rowspan="1">3727</td></tr><tr class="passedeven"><td><a href="#m21">Validate_navigating_from_Home_Page_from_BECOME_A_RESELLER_UPDATED_Page</a></td><td rowspan="1">1655563983496</td><td rowspan="1">2451</td></tr><tr class="passedeven"><td><a href="#m22">Validate_navigating_from_Home_Page_from_Beef</a></td><td rowspan="1">1655563989088</td><td rowspan="1">5303</td></tr><tr class="passedeven"><td><a href="#m23">Validate_navigating_from_Home_Page_from_Bounty_Fresh_Honey_BUY_NOW_page</a></td><td rowspan="1">1655563996248</td><td rowspan="1">2276</td></tr><tr class="passedeven"><td><a href="#m24">Validate_navigating_from_Home_Page_from_Breaded_Chicken_page</a></td><td rowspan="1">1655563999936</td><td rowspan="1">13652</td></tr><tr class="passedeven"><td><a href="#m25">Validate_navigating_from_Home_Page_from_Easy_Recipes_page</a></td><td rowspan="1">1655564016210</td><td rowspan="1">4556</td></tr><tr class="passedeven"><td><a href="#m26">Validate_navigating_from_Home_Page_from_FREQUENTLY_ASKED_QUESTIONS_Page</a></td><td rowspan="1">1655564022821</td><td rowspan="1">2140</td></tr><tr class="passedeven"><td><a href="#m27">Validate_navigating_from_Home_Page_from_Marinated_Chicken_page</a></td><td rowspan="1">1655564026727</td><td rowspan="1">12511</td></tr><tr class="passedeven"><td><a href="#m28">Validate_navigating_from_Home_Page_from_Marinated_Pork_page</a></td><td rowspan="1">1655564040932</td><td rowspan="1">13094</td></tr><tr class="passedeven"><td><a href="#m29">Validate_navigating_from_Home_Page_from_Produce</a></td><td rowspan="1">1655564055773</td><td rowspan="1">2844</td></tr><tr class="passedeven"><td><a href="#m30">Validate_navigating_from_Home_Page_from_Quick_links_All_Products_page</a></td><td rowspan="1">1655564060506</td><td rowspan="1">2433</td></tr><tr class="passedeven"><td><a href="#m31">Validate_navigating_from_Home_Page_from_Quick_links_Beef_Page</a></td><td rowspan="1">1655564076984</td><td rowspan="1">1450</td></tr><tr class="passedeven"><td><a href="#m32">Validate_navigating_from_Home_Page_from_Quick_links_Chicken_page</a></td><td rowspan="1">1655564079977</td><td rowspan="1">2171</td></tr><tr class="passedeven"><td><a href="#m33">Validate_navigating_from_Home_Page_from_Quick_links_Easy_Recipes_page</a></td><td rowspan="1">1655564084159</td><td rowspan="1">2210</td></tr><tr class="passedeven"><td><a href="#m34">Validate_navigating_from_Home_Page_from_Quick_links_FREQUENTLY_ASKED_QUESTIONS_page</a></td><td rowspan="1">1655564088729</td><td rowspan="1">3046</td></tr><tr class="passedeven"><td><a href="#m35">Validate_navigating_from_Home_Page_from_Quick_links_Privacy_Policy_page</a></td><td rowspan="1">1655564094108</td><td rowspan="1">2252</td></tr><tr class="passedeven"><td><a href="#m36">Validate_navigating_from_Home_Page_from_Quick_links_Produce_page</a></td><td rowspan="1">1655564097801</td><td rowspan="1">1733</td></tr><tr class="passedeven"><td><a href="#m37">Validate_navigating_from_Home_Page_from_Quick_links_Prok_page</a></td><td rowspan="1">1655564101060</td><td rowspan="1">1912</td></tr><tr class="passedeven"><td><a href="#m38">Validate_navigating_from_Home_Page_from_Quick_links_Ready_to_Cook_page</a></td><td rowspan="1">1655564104466</td><td rowspan="1">2101</td></tr><tr class="passedeven"><td><a href="#m39">Validate_navigating_from_Home_Page_from_READY_TO_COOK_page</a></td><td rowspan="1">1655564107803</td><td rowspan="1">1750</td></tr><tr class="passedeven"><td><a href="#m40">Validate_navigating_from_Home_Page_from_Ready_to_Cook</a></td><td rowspan="1">1655564111004</td><td rowspan="1">1700</td></tr><tr class="passedeven"><td><a href="#m41">Validate_navigating_from_Home_Page_from_SHOP_BY_CATEGORY_SHOP_CHICKEN_page</a></td><td rowspan="1">1655564114742</td><td rowspan="1">2355</td></tr><tr class="passedeven"><td><a href="#m42">Validate_navigating_from_Home_Page_from_SHOP_BY_CATEGORY_SHOP_PORK_page</a></td><td rowspan="1">1655564119177</td><td rowspan="1">1839</td></tr><tr class="passedeven"><td><a href="#m43">Validate_navigating_from_Home_Page_from_Whole_Chicken_page</a></td><td rowspan="1">1655564122709</td><td rowspan="1">12003</td></tr><tr class="passedeven"><td><a href="#m44">Validate_navigating_from_Home_Page_from_cut_ups_Chicken_page</a></td><td rowspan="1">1655564136392</td><td rowspan="1">12696</td></tr><tr class="passedeven"><td><a href="#m45">Validate_navigating_from_Home_Page_from_prok_page</a></td><td rowspan="1">1655564150770</td><td rowspan="1">2156</td></tr><tr class="passedeven"><td><a href="#m46">Verify_in_Home_Page_Image_Bounty_Fresh_Reseller</a></td><td rowspan="1">1655564154568</td><td rowspan="1">185</td></tr><tr class="passedeven"><td><a href="#m47">Verify_in_Home_Page_Product_is_Display_Chicken_Breast</a></td><td rowspan="1">1655564156721</td><td rowspan="1">271</td></tr><tr class="passedeven"><td><a href="#m48">Verify_in_Home_Page_Product_is_Display_Chicken_Breast_Fillet_Skinless</a></td><td rowspan="1">1655564159092</td><td rowspan="1">60</td></tr><tr class="passedeven"><td><a href="#m49">Verify_in_Home_Page_Product_is_Display_Chicken_Drumstick</a></td><td rowspan="1">1655564161026</td><td rowspan="1">206</td></tr><tr class="passedeven"><td><a href="#m50">Verify_in_Home_Page_Product_is_Display_Chicken_Leg_Quarter</a></td><td rowspan="1">1655564162736</td><td rowspan="1">212</td></tr><tr class="passedeven"><td><a href="#m51">Verify_in_Home_Page_Product_is_Display_Chicken_Thigh</a></td><td rowspan="1">1655564164605</td><td rowspan="1">104</td></tr><tr class="passedeven"><td><a href="#m52">Verify_in_Home_Page_Product_is_Display_Chicken_Thigh_Fillet_Skinless</a></td><td rowspan="1">1655564165981</td><td rowspan="1">97</td></tr><tr class="passedeven"><td><a href="#m53">Verify_in_Home_Page_lable_Bounty_Fresh_Honey</a></td><td rowspan="1">1655564176179</td><td rowspan="1">230</td></tr><tr class="passedeven"><td><a href="#m54">Verify_in_Home_Page_lable_SHOP_BY_CATEGORY</a></td><td rowspan="1">1655564231609</td><td rowspan="1">237</td></tr></tbody>
</table>
<h2>Test</h2><h3 id="m0">test.HomePageTest#Validate_navigating_from_Home_Page_from_Create_your_online_store_today_with_Shopify_page</h3><table class="result"><tr><th>Exception</th></tr><tr><td><div class="stacktrace">org.openqa.selenium.NoSuchElementException: no such element: Unable to locate element: {&quot;method&quot;:&quot;xpath&quot;,&quot;selector&quot;:&quot;(//a[contains(text(),&apos;Powered by Shopify&apos;)])[1]&quot;}
  (Session info: chrome=102.0.5005.115)
For documentation on this error, please visit: https://selenium.dev/exceptions/#no_such_element
Build info: version: &apos;4.1.0&apos;, revision: &apos;87802e897b&apos;
System info: host: &apos;USER&apos;, ip: &apos;192.168.1.6&apos;, os.name: &apos;Windows 8.1&apos;, os.arch: &apos;amd64&apos;, os.version: &apos;6.3&apos;, java.version: &apos;1.8.0_331&apos;
Driver info: org.openqa.selenium.chrome.ChromeDriver
Command: [1111398798fe969ad7e5142c35ea69eb, findElement {using=xpath, value=(//a[contains(text(),&apos;Powered by Shopify&apos;)])[1]}]
Capabilities {acceptInsecureCerts: false, browserName: chrome, browserVersion: 102.0.5005.115, chrome: {chromedriverVersion: 102.0.5005.61 (0e59bcc00cc4..., userDataDir: C:\Users\asus\AppData\Local...}, goog:chromeOptions: {debuggerAddress: localhost:63384}, javascriptEnabled: true, networkConnectionEnabled: false, pageLoadStrategy: normal, platform: WINDOWS, platformName: WINDOWS, proxy: Proxy(), se:cdp: ws://localhost:63384/devtoo..., se:cdpVersion: 102.0.5005.115, setWindowRect: true, strictFileInteractability: false, timeouts: {implicit: 0, pageLoad: 300000, script: 30000}, unhandledPromptBehavior: dismiss and notify, webauthn:extension:credBlob: true, webauthn:extension:largeBlob: true, webauthn:virtualAuthenticators: true}
Session ID: 1111398798fe969ad7e5142c35ea69eb
	at org.openqa.selenium.remote.codec.w3c.W3CHttpResponseCodec.createException(W3CHttpResponseCodec.java:200)
	at org.openqa.selenium.remote.codec.w3c.W3CHttpResponseCodec.decode(W3CHttpResponseCodec.java:133)
	at org.openqa.selenium.remote.codec.w3c.W3CHttpResponseCodec.decode(W3CHttpResponseCodec.java:53)
	at org.openqa.selenium.remote.HttpCommandExecutor.execute(HttpCommandExecutor.java:184)
	at org.openqa.selenium.remote.service.DriverCommandExecutor.invokeExecute(DriverCommandExecutor.java:164)
	at org.openqa.selenium.remote.service.DriverCommandExecutor.execute(DriverCommandExecutor.java:139)
	at org.openqa.selenium.remote.RemoteWebDriver.execute(RemoteWebDriver.java:559)
	at org.openqa.selenium.remote.ElementLocation$ElementFinder$2.findElement(ElementLocation.java:162)
	at org.openqa.selenium.remote.ElementLocation.findElement(ElementLocation.java:60)
	at org.openqa.selenium.remote.RemoteWebDriver.findElement(RemoteWebDriver.java:383)
	at org.openqa.selenium.remote.RemoteWebDriver.findElement(RemoteWebDriver.java:375)
	at org.openqa.selenium.support.pagefactory.DefaultElementLocator.findElement(DefaultElementLocator.java:70)
	at org.openqa.selenium.support.pagefactory.internal.LocatingElementHandler.invoke(LocatingElementHandler.java:39)
	at com.sun.proxy.$Proxy17.getWrappedElement(Unknown Source)
	at org.openqa.selenium.remote.internal.WebElementToJsonConverter.apply(WebElementToJsonConverter.java:51)
	at java.util.stream.ReferencePipeline$3$1.accept(Unknown Source)
	at java.util.Spliterators$ArraySpliterator.forEachRemaining(Unknown Source)
	at java.util.stream.AbstractPipeline.copyInto(Unknown Source)
	at java.util.stream.AbstractPipeline.wrapAndCopyInto(Unknown Source)
	at java.util.stream.ReduceOps$ReduceOp.evaluateSequential(Unknown Source)
	at java.util.stream.AbstractPipeline.evaluate(Unknown Source)
	at java.util.stream.ReferencePipeline.collect(Unknown Source)
	at org.openqa.selenium.remote.RemoteWebDriver.executeScript(RemoteWebDriver.java:490)
	at org.utilities.BaseClass1.javaScriptExecutorClickcall(BaseClass1.java:467)
	at test.HomePageTest.Validate_navigating_from_Home_Page_from_Create_your_online_store_today_with_Shopify_page(HomePageTest.java:448)
	at java.util.ArrayList.forEach(Unknown Source)
... Removed 31 stack frames</div></td></tr></table><p class="totop"><a href="#summary">back to summary</a></p>
<h3 id="m1">test.HomePageTest#Validate_navigating_from_Home_Page_from_Quick_links_BECOME_A_RESELLER_UPDATED_page</h3><table class="result"><tr><th>Exception</th></tr><tr><td><div class="stacktrace">java.lang.AssertionError: expected [true] but found [false]
	at test.HomePageTest.Validate_navigating_from_Home_Page_from_Quick_links_BECOME_A_RESELLER_UPDATED_page(HomePageTest.java:431)
	at java.util.ArrayList.forEach(Unknown Source)
... Removed 31 stack frames</div></td></tr></table><p class="totop"><a href="#summary">back to summary</a></p>
<h3 id="m2">test.HomePageTest#Verify_in_Home_Page_lable_BECOME_A_RESELLER</h3><table class="result"><tr><th>Exception</th></tr><tr><td><div class="stacktrace">java.lang.AssertionError: expected [true] but found [false]
	at test.HomePageTest.Verify_in_Home_Page_lable_BECOME_A_RESELLER(HomePageTest.java:184)
	at java.util.ArrayList.forEach(Unknown Source)
... Removed 31 stack frames</div></td></tr></table><p class="totop"><a href="#summary">back to summary</a></p>
<h3 id="m3">test.HomePageTest#Verify_in_Home_Page_lable_Featured_Products</h3><table class="result"><tr><th>Exception</th></tr><tr><td><div class="stacktrace">java.lang.AssertionError: expected [true] but found [false]
	at test.HomePageTest.Verify_in_Home_Page_lable_Featured_Products(HomePageTest.java:206)
	at java.util.ArrayList.forEach(Unknown Source)
... Removed 31 stack frames</div></td></tr></table><p class="totop"><a href="#summary">back to summary</a></p>
<h3 id="m4">test.HomePageTest#Verify_in_Home_Page_lable_Quick_links</h3><table class="result"><tr><th>Exception</th></tr><tr><td><div class="stacktrace">org.openqa.selenium.NoSuchElementException: no such element: Unable to locate element: {&quot;method&quot;:&quot;xpath&quot;,&quot;selector&quot;:&quot;//h2[text()=&apos;Quick links&apos;]&quot;}
  (Session info: chrome=102.0.5005.115)
For documentation on this error, please visit: https://selenium.dev/exceptions/#no_such_element
Build info: version: &apos;4.1.0&apos;, revision: &apos;87802e897b&apos;
System info: host: &apos;USER&apos;, ip: &apos;192.168.1.6&apos;, os.name: &apos;Windows 8.1&apos;, os.arch: &apos;amd64&apos;, os.version: &apos;6.3&apos;, java.version: &apos;1.8.0_331&apos;
Driver info: org.openqa.selenium.chrome.ChromeDriver
Command: [1111398798fe969ad7e5142c35ea69eb, findElement {using=xpath, value=//h2[text()=&apos;Quick links&apos;]}]
Capabilities {acceptInsecureCerts: false, browserName: chrome, browserVersion: 102.0.5005.115, chrome: {chromedriverVersion: 102.0.5005.61 (0e59bcc00cc4..., userDataDir: C:\Users\asus\AppData\Local...}, goog:chromeOptions: {debuggerAddress: localhost:63384}, javascriptEnabled: true, networkConnectionEnabled: false, pageLoadStrategy: normal, platform: WINDOWS, platformName: WINDOWS, proxy: Proxy(), se:cdp: ws://localhost:63384/devtoo..., se:cdpVersion: 102.0.5005.115, setWindowRect: true, strictFileInteractability: false, timeouts: {implicit: 0, pageLoad: 300000, script: 30000}, unhandledPromptBehavior: dismiss and notify, webauthn:extension:credBlob: true, webauthn:extension:largeBlob: true, webauthn:virtualAuthenticators: true}
Session ID: 1111398798fe969ad7e5142c35ea69eb
	at org.openqa.selenium.remote.codec.w3c.W3CHttpResponseCodec.createException(W3CHttpResponseCodec.java:200)
	at org.openqa.selenium.remote.codec.w3c.W3CHttpResponseCodec.decode(W3CHttpResponseCodec.java:133)
	at org.openqa.selenium.remote.codec.w3c.W3CHttpResponseCodec.decode(W3CHttpResponseCodec.java:53)
	at org.openqa.selenium.remote.HttpCommandExecutor.execute(HttpCommandExecutor.java:184)
	at org.openqa.selenium.remote.service.DriverCommandExecutor.invokeExecute(DriverCommandExecutor.java:164)
	at org.openqa.selenium.remote.service.DriverCommandExecutor.execute(DriverCommandExecutor.java:139)
	at org.openqa.selenium.remote.RemoteWebDriver.execute(RemoteWebDriver.java:559)
	at org.openqa.selenium.remote.ElementLocation$ElementFinder$2.findElement(ElementLocation.java:162)
	at org.openqa.selenium.remote.ElementLocation.findElement(ElementLocation.java:60)
	at org.openqa.selenium.remote.RemoteWebDriver.findElement(RemoteWebDriver.java:383)
	at org.openqa.selenium.remote.RemoteWebDriver.findElement(RemoteWebDriver.java:375)
	at org.openqa.selenium.support.pagefactory.DefaultElementLocator.findElement(DefaultElementLocator.java:70)
	at org.openqa.selenium.support.pagefactory.internal.LocatingElementHandler.invoke(LocatingElementHandler.java:39)
	at com.sun.proxy.$Proxy17.getText(Unknown Source)
	at test.HomePageTest.Verify_in_Home_Page_lable_Quick_links(HomePageTest.java:337)
	at java.util.ArrayList.forEach(Unknown Source)
... Removed 31 stack frames</div></td></tr></table><p class="totop"><a href="#summary">back to summary</a></p>
<h3 id="m5">test.HomePageTest#Validate_navigating_from_Home_Page_from_Create_your_online_store_today_with_Shopify_page</h3><table class="result"><tr><th>Exception</th></tr><tr><td><div class="stacktrace">java.lang.AssertionError: expected [true] but found [false]
	at test.HomePageTest.Validate_navigating_from_Home_Page_from_Create_your_online_store_today_with_Shopify_page(HomePageTest.java:451)
	at java.util.ArrayList.forEach(Unknown Source)
... Removed 31 stack frames</div></td></tr></table><p class="totop"><a href="#summary">back to summary</a></p>
<h3 id="m6">test.HomePageTest#Validate_navigating_from_Home_Page_from_Create_your_online_store_today_with_Shopify_page</h3><table class="result"><tr><th>Exception</th></tr><tr><td><div class="stacktrace">org.openqa.selenium.NoSuchElementException: no such element: Unable to locate element: {&quot;method&quot;:&quot;xpath&quot;,&quot;selector&quot;:&quot;(//a[contains(text(),&apos;Powered by Shopify&apos;)])[1]&quot;}
  (Session info: chrome=102.0.5005.115)
For documentation on this error, please visit: https://selenium.dev/exceptions/#no_such_element
Build info: version: &apos;4.1.0&apos;, revision: &apos;87802e897b&apos;
System info: host: &apos;USER&apos;, ip: &apos;192.168.1.6&apos;, os.name: &apos;Windows 8.1&apos;, os.arch: &apos;amd64&apos;, os.version: &apos;6.3&apos;, java.version: &apos;1.8.0_331&apos;
Driver info: org.openqa.selenium.chrome.ChromeDriver
Command: [1111398798fe969ad7e5142c35ea69eb, findElement {using=xpath, value=(//a[contains(text(),&apos;Powered by Shopify&apos;)])[1]}]
Capabilities {acceptInsecureCerts: false, browserName: chrome, browserVersion: 102.0.5005.115, chrome: {chromedriverVersion: 102.0.5005.61 (0e59bcc00cc4..., userDataDir: C:\Users\asus\AppData\Local...}, goog:chromeOptions: {debuggerAddress: localhost:63384}, javascriptEnabled: true, networkConnectionEnabled: false, pageLoadStrategy: normal, platform: WINDOWS, platformName: WINDOWS, proxy: Proxy(), se:cdp: ws://localhost:63384/devtoo..., se:cdpVersion: 102.0.5005.115, setWindowRect: true, strictFileInteractability: false, timeouts: {implicit: 0, pageLoad: 300000, script: 30000}, unhandledPromptBehavior: dismiss and notify, webauthn:extension:credBlob: true, webauthn:extension:largeBlob: true, webauthn:virtualAuthenticators: true}
Session ID: 1111398798fe969ad7e5142c35ea69eb
	at org.openqa.selenium.remote.codec.w3c.W3CHttpResponseCodec.createException(W3CHttpResponseCodec.java:200)
	at org.openqa.selenium.remote.codec.w3c.W3CHttpResponseCodec.decode(W3CHttpResponseCodec.java:133)
	at org.openqa.selenium.remote.codec.w3c.W3CHttpResponseCodec.decode(W3CHttpResponseCodec.java:53)
	at org.openqa.selenium.remote.HttpCommandExecutor.execute(HttpCommandExecutor.java:184)
	at org.openqa.selenium.remote.service.DriverCommandExecutor.invokeExecute(DriverCommandExecutor.java:164)
	at org.openqa.selenium.remote.service.DriverCommandExecutor.execute(DriverCommandExecutor.java:139)
	at org.openqa.selenium.remote.RemoteWebDriver.execute(RemoteWebDriver.java:559)
	at org.openqa.selenium.remote.ElementLocation$ElementFinder$2.findElement(ElementLocation.java:162)
	at org.openqa.selenium.remote.ElementLocation.findElement(ElementLocation.java:60)
	at org.openqa.selenium.remote.RemoteWebDriver.findElement(RemoteWebDriver.java:383)
	at org.openqa.selenium.remote.RemoteWebDriver.findElement(RemoteWebDriver.java:375)
	at org.openqa.selenium.support.pagefactory.DefaultElementLocator.findElement(DefaultElementLocator.java:70)
	at org.openqa.selenium.support.pagefactory.internal.LocatingElementHandler.invoke(LocatingElementHandler.java:39)
	at com.sun.proxy.$Proxy17.getWrappedElement(Unknown Source)
	at org.openqa.selenium.remote.internal.WebElementToJsonConverter.apply(WebElementToJsonConverter.java:51)
	at java.util.stream.ReferencePipeline$3$1.accept(Unknown Source)
	at java.util.Spliterators$ArraySpliterator.forEachRemaining(Unknown Source)
	at java.util.stream.AbstractPipeline.copyInto(Unknown Source)
	at java.util.stream.AbstractPipeline.wrapAndCopyInto(Unknown Source)
	at java.util.stream.ReduceOps$ReduceOp.evaluateSequential(Unknown Source)
	at java.util.stream.AbstractPipeline.evaluate(Unknown Source)
	at java.util.stream.ReferencePipeline.collect(Unknown Source)
	at org.openqa.selenium.remote.RemoteWebDriver.executeScript(RemoteWebDriver.java:490)
	at org.utilities.BaseClass1.javaScriptExecutorClickcall(BaseClass1.java:467)
	at test.HomePageTest.Validate_navigating_from_Home_Page_from_Create_your_online_store_today_with_Shopify_page(HomePageTest.java:448)
	at java.util.ArrayList.forEach(Unknown Source)
... Removed 31 stack frames</div></td></tr></table><p class="totop"><a href="#summary">back to summary</a></p>
<h3 id="m7">test.HomePageTest#Validate_navigating_from_Home_Page_from_Create_your_online_store_today_with_Shopify_page</h3><table class="result"><tr><th>Exception</th></tr><tr><td><div class="stacktrace">java.lang.AssertionError: expected [true] but found [false]
	at test.HomePageTest.Validate_navigating_from_Home_Page_from_Create_your_online_store_today_with_Shopify_page(HomePageTest.java:451)
	at java.util.ArrayList.forEach(Unknown Source)
... Removed 31 stack frames</div></td></tr></table><p class="totop"><a href="#summary">back to summary</a></p>
<h3 id="m8">test.HomePageTest#Validate_navigating_from_Home_Page_from_Quick_links_BECOME_A_RESELLER_UPDATED_page</h3><table class="result"><tr><th>Exception</th></tr><tr><td><div class="stacktrace">java.lang.AssertionError: expected [true] but found [false]
	at test.HomePageTest.Validate_navigating_from_Home_Page_from_Quick_links_BECOME_A_RESELLER_UPDATED_page(HomePageTest.java:431)
	at java.util.ArrayList.forEach(Unknown Source)
... Removed 31 stack frames</div></td></tr></table><p class="totop"><a href="#summary">back to summary</a></p>
<h3 id="m9">test.HomePageTest#Validate_navigating_from_Home_Page_from_Quick_links_BECOME_A_RESELLER_UPDATED_page</h3><table class="result"><tr><th>Exception</th></tr><tr><td><div class="stacktrace">java.lang.AssertionError: expected [true] but found [false]
	at test.HomePageTest.Validate_navigating_from_Home_Page_from_Quick_links_BECOME_A_RESELLER_UPDATED_page(HomePageTest.java:431)
	at java.util.ArrayList.forEach(Unknown Source)
... Removed 31 stack frames</div></td></tr></table><p class="totop"><a href="#summary">back to summary</a></p>
<h3 id="m10">test.HomePageTest#Validate_navigating_from_Home_Page_from_Quick_links_BECOME_A_RESELLER_UPDATED_page</h3><table class="result"><tr><th>Exception</th></tr><tr><td><div class="stacktrace">java.lang.AssertionError: expected [true] but found [false]
	at test.HomePageTest.Validate_navigating_from_Home_Page_from_Quick_links_BECOME_A_RESELLER_UPDATED_page(HomePageTest.java:431)
	at java.util.ArrayList.forEach(Unknown Source)
... Removed 31 stack frames</div></td></tr></table><p class="totop"><a href="#summary">back to summary</a></p>
<h3 id="m11">test.HomePageTest#Verify_in_Home_Page_lable_BECOME_A_RESELLER</h3><table class="result"><tr><th>Exception</th></tr><tr><td><div class="stacktrace">java.lang.AssertionError: expected [true] but found [false]
	at test.HomePageTest.Verify_in_Home_Page_lable_BECOME_A_RESELLER(HomePageTest.java:184)
	at java.util.ArrayList.forEach(Unknown Source)
... Removed 31 stack frames</div></td></tr></table><p class="totop"><a href="#summary">back to summary</a></p>
<h3 id="m12">test.HomePageTest#Verify_in_Home_Page_lable_BECOME_A_RESELLER</h3><table class="result"><tr><th>Exception</th></tr><tr><td><div class="stacktrace">java.lang.AssertionError: expected [true] but found [false]
	at test.HomePageTest.Verify_in_Home_Page_lable_BECOME_A_RESELLER(HomePageTest.java:184)
	at java.util.ArrayList.forEach(Unknown Source)
... Removed 31 stack frames</div></td></tr></table><p class="totop"><a href="#summary">back to summary</a></p>
<h3 id="m13">test.HomePageTest#Verify_in_Home_Page_lable_BECOME_A_RESELLER</h3><table class="result"><tr><th>Exception</th></tr><tr><td><div class="stacktrace">java.lang.AssertionError: expected [true] but found [false]
	at test.HomePageTest.Verify_in_Home_Page_lable_BECOME_A_RESELLER(HomePageTest.java:184)
	at java.util.ArrayList.forEach(Unknown Source)
... Removed 31 stack frames</div></td></tr></table><p class="totop"><a href="#summary">back to summary</a></p>
<h3 id="m14">test.HomePageTest#Verify_in_Home_Page_lable_Featured_Products</h3><table class="result"><tr><th>Exception</th></tr><tr><td><div class="stacktrace">java.lang.AssertionError: expected [true] but found [false]
	at test.HomePageTest.Verify_in_Home_Page_lable_Featured_Products(HomePageTest.java:206)
	at java.util.ArrayList.forEach(Unknown Source)
... Removed 31 stack frames</div></td></tr></table><p class="totop"><a href="#summary">back to summary</a></p>
<h3 id="m15">test.HomePageTest#Verify_in_Home_Page_lable_Featured_Products</h3><table class="result"><tr><th>Exception</th></tr><tr><td><div class="stacktrace">java.lang.AssertionError: expected [true] but found [false]
	at test.HomePageTest.Verify_in_Home_Page_lable_Featured_Products(HomePageTest.java:206)
	at java.util.ArrayList.forEach(Unknown Source)
... Removed 31 stack frames</div></td></tr></table><p class="totop"><a href="#summary">back to summary</a></p>
<h3 id="m16">test.HomePageTest#Verify_in_Home_Page_lable_Featured_Products</h3><table class="result"><tr><th>Exception</th></tr><tr><td><div class="stacktrace">java.lang.AssertionError: expected [true] but found [false]
	at test.HomePageTest.Verify_in_Home_Page_lable_Featured_Products(HomePageTest.java:206)
	at java.util.ArrayList.forEach(Unknown Source)
... Removed 31 stack frames</div></td></tr></table><p class="totop"><a href="#summary">back to summary</a></p>
<h3 id="m17">test.HomePageTest#Verify_in_Home_Page_lable_Quick_links</h3><table class="result"><tr><th>Exception</th></tr><tr><td><div class="stacktrace">org.openqa.selenium.NoSuchElementException: no such element: Unable to locate element: {&quot;method&quot;:&quot;xpath&quot;,&quot;selector&quot;:&quot;//h2[text()=&apos;Quick links&apos;]&quot;}
  (Session info: chrome=102.0.5005.115)
For documentation on this error, please visit: https://selenium.dev/exceptions/#no_such_element
Build info: version: &apos;4.1.0&apos;, revision: &apos;87802e897b&apos;
System info: host: &apos;USER&apos;, ip: &apos;192.168.1.6&apos;, os.name: &apos;Windows 8.1&apos;, os.arch: &apos;amd64&apos;, os.version: &apos;6.3&apos;, java.version: &apos;1.8.0_331&apos;
Driver info: org.openqa.selenium.chrome.ChromeDriver
Command: [1111398798fe969ad7e5142c35ea69eb, findElement {using=xpath, value=//h2[text()=&apos;Quick links&apos;]}]
Capabilities {acceptInsecureCerts: false, browserName: chrome, browserVersion: 102.0.5005.115, chrome: {chromedriverVersion: 102.0.5005.61 (0e59bcc00cc4..., userDataDir: C:\Users\asus\AppData\Local...}, goog:chromeOptions: {debuggerAddress: localhost:63384}, javascriptEnabled: true, networkConnectionEnabled: false, pageLoadStrategy: normal, platform: WINDOWS, platformName: WINDOWS, proxy: Proxy(), se:cdp: ws://localhost:63384/devtoo..., se:cdpVersion: 102.0.5005.115, setWindowRect: true, strictFileInteractability: false, timeouts: {implicit: 0, pageLoad: 300000, script: 30000}, unhandledPromptBehavior: dismiss and notify, webauthn:extension:credBlob: true, webauthn:extension:largeBlob: true, webauthn:virtualAuthenticators: true}
Session ID: 1111398798fe969ad7e5142c35ea69eb
	at org.openqa.selenium.remote.codec.w3c.W3CHttpResponseCodec.createException(W3CHttpResponseCodec.java:200)
	at org.openqa.selenium.remote.codec.w3c.W3CHttpResponseCodec.decode(W3CHttpResponseCodec.java:133)
	at org.openqa.selenium.remote.codec.w3c.W3CHttpResponseCodec.decode(W3CHttpResponseCodec.java:53)
	at org.openqa.selenium.remote.HttpCommandExecutor.execute(HttpCommandExecutor.java:184)
	at org.openqa.selenium.remote.service.DriverCommandExecutor.invokeExecute(DriverCommandExecutor.java:164)
	at org.openqa.selenium.remote.service.DriverCommandExecutor.execute(DriverCommandExecutor.java:139)
	at org.openqa.selenium.remote.RemoteWebDriver.execute(RemoteWebDriver.java:559)
	at org.openqa.selenium.remote.ElementLocation$ElementFinder$2.findElement(ElementLocation.java:162)
	at org.openqa.selenium.remote.ElementLocation.findElement(ElementLocation.java:60)
	at org.openqa.selenium.remote.RemoteWebDriver.findElement(RemoteWebDriver.java:383)
	at org.openqa.selenium.remote.RemoteWebDriver.findElement(RemoteWebDriver.java:375)
	at org.openqa.selenium.support.pagefactory.DefaultElementLocator.findElement(DefaultElementLocator.java:70)
	at org.openqa.selenium.support.pagefactory.internal.LocatingElementHandler.invoke(LocatingElementHandler.java:39)
	at com.sun.proxy.$Proxy17.getText(Unknown Source)
	at test.HomePageTest.Verify_in_Home_Page_lable_Quick_links(HomePageTest.java:337)
	at java.util.ArrayList.forEach(Unknown Source)
... Removed 31 stack frames</div></td></tr></table><p class="totop"><a href="#summary">back to summary</a></p>
<h3 id="m18">test.HomePageTest#Verify_in_Home_Page_lable_Quick_links</h3><table class="result"><tr><th>Exception</th></tr><tr><td><div class="stacktrace">org.openqa.selenium.NoSuchElementException: no such element: Unable to locate element: {&quot;method&quot;:&quot;xpath&quot;,&quot;selector&quot;:&quot;//h2[text()=&apos;Quick links&apos;]&quot;}
  (Session info: chrome=102.0.5005.115)
For documentation on this error, please visit: https://selenium.dev/exceptions/#no_such_element
Build info: version: &apos;4.1.0&apos;, revision: &apos;87802e897b&apos;
System info: host: &apos;USER&apos;, ip: &apos;192.168.1.6&apos;, os.name: &apos;Windows 8.1&apos;, os.arch: &apos;amd64&apos;, os.version: &apos;6.3&apos;, java.version: &apos;1.8.0_331&apos;
Driver info: org.openqa.selenium.chrome.ChromeDriver
Command: [1111398798fe969ad7e5142c35ea69eb, findElement {using=xpath, value=//h2[text()=&apos;Quick links&apos;]}]
Capabilities {acceptInsecureCerts: false, browserName: chrome, browserVersion: 102.0.5005.115, chrome: {chromedriverVersion: 102.0.5005.61 (0e59bcc00cc4..., userDataDir: C:\Users\asus\AppData\Local...}, goog:chromeOptions: {debuggerAddress: localhost:63384}, javascriptEnabled: true, networkConnectionEnabled: false, pageLoadStrategy: normal, platform: WINDOWS, platformName: WINDOWS, proxy: Proxy(), se:cdp: ws://localhost:63384/devtoo..., se:cdpVersion: 102.0.5005.115, setWindowRect: true, strictFileInteractability: false, timeouts: {implicit: 0, pageLoad: 300000, script: 30000}, unhandledPromptBehavior: dismiss and notify, webauthn:extension:credBlob: true, webauthn:extension:largeBlob: true, webauthn:virtualAuthenticators: true}
Session ID: 1111398798fe969ad7e5142c35ea69eb
	at org.openqa.selenium.remote.codec.w3c.W3CHttpResponseCodec.createException(W3CHttpResponseCodec.java:200)
	at org.openqa.selenium.remote.codec.w3c.W3CHttpResponseCodec.decode(W3CHttpResponseCodec.java:133)
	at org.openqa.selenium.remote.codec.w3c.W3CHttpResponseCodec.decode(W3CHttpResponseCodec.java:53)
	at org.openqa.selenium.remote.HttpCommandExecutor.execute(HttpCommandExecutor.java:184)
	at org.openqa.selenium.remote.service.DriverCommandExecutor.invokeExecute(DriverCommandExecutor.java:164)
	at org.openqa.selenium.remote.service.DriverCommandExecutor.execute(DriverCommandExecutor.java:139)
	at org.openqa.selenium.remote.RemoteWebDriver.execute(RemoteWebDriver.java:559)
	at org.openqa.selenium.remote.ElementLocation$ElementFinder$2.findElement(ElementLocation.java:162)
	at org.openqa.selenium.remote.ElementLocation.findElement(ElementLocation.java:60)
	at org.openqa.selenium.remote.RemoteWebDriver.findElement(RemoteWebDriver.java:383)
	at org.openqa.selenium.remote.RemoteWebDriver.findElement(RemoteWebDriver.java:375)
	at org.openqa.selenium.support.pagefactory.DefaultElementLocator.findElement(DefaultElementLocator.java:70)
	at org.openqa.selenium.support.pagefactory.internal.LocatingElementHandler.invoke(LocatingElementHandler.java:39)
	at com.sun.proxy.$Proxy17.getText(Unknown Source)
	at test.HomePageTest.Verify_in_Home_Page_lable_Quick_links(HomePageTest.java:337)
	at java.util.ArrayList.forEach(Unknown Source)
... Removed 31 stack frames</div></td></tr></table><p class="totop"><a href="#summary">back to summary</a></p>
<h3 id="m19">test.HomePageTest#Verify_in_Home_Page_lable_Quick_links</h3><table class="result"><tr><th>Exception</th></tr><tr><td><div class="stacktrace">org.openqa.selenium.NoSuchElementException: no such element: Unable to locate element: {&quot;method&quot;:&quot;xpath&quot;,&quot;selector&quot;:&quot;//h2[text()=&apos;Quick links&apos;]&quot;}
  (Session info: chrome=102.0.5005.115)
For documentation on this error, please visit: https://selenium.dev/exceptions/#no_such_element
Build info: version: &apos;4.1.0&apos;, revision: &apos;87802e897b&apos;
System info: host: &apos;USER&apos;, ip: &apos;192.168.1.6&apos;, os.name: &apos;Windows 8.1&apos;, os.arch: &apos;amd64&apos;, os.version: &apos;6.3&apos;, java.version: &apos;1.8.0_331&apos;
Driver info: org.openqa.selenium.chrome.ChromeDriver
Command: [1111398798fe969ad7e5142c35ea69eb, findElement {using=xpath, value=//h2[text()=&apos;Quick links&apos;]}]
Capabilities {acceptInsecureCerts: false, browserName: chrome, browserVersion: 102.0.5005.115, chrome: {chromedriverVersion: 102.0.5005.61 (0e59bcc00cc4..., userDataDir: C:\Users\asus\AppData\Local...}, goog:chromeOptions: {debuggerAddress: localhost:63384}, javascriptEnabled: true, networkConnectionEnabled: false, pageLoadStrategy: normal, platform: WINDOWS, platformName: WINDOWS, proxy: Proxy(), se:cdp: ws://localhost:63384/devtoo..., se:cdpVersion: 102.0.5005.115, setWindowRect: true, strictFileInteractability: false, timeouts: {implicit: 0, pageLoad: 300000, script: 30000}, unhandledPromptBehavior: dismiss and notify, webauthn:extension:credBlob: true, webauthn:extension:largeBlob: true, webauthn:virtualAuthenticators: true}
Session ID: 1111398798fe969ad7e5142c35ea69eb
	at org.openqa.selenium.remote.codec.w3c.W3CHttpResponseCodec.createException(W3CHttpResponseCodec.java:200)
	at org.openqa.selenium.remote.codec.w3c.W3CHttpResponseCodec.decode(W3CHttpResponseCodec.java:133)
	at org.openqa.selenium.remote.codec.w3c.W3CHttpResponseCodec.decode(W3CHttpResponseCodec.java:53)
	at org.openqa.selenium.remote.HttpCommandExecutor.execute(HttpCommandExecutor.java:184)
	at org.openqa.selenium.remote.service.DriverCommandExecutor.invokeExecute(DriverCommandExecutor.java:164)
	at org.openqa.selenium.remote.service.DriverCommandExecutor.execute(DriverCommandExecutor.java:139)
	at org.openqa.selenium.remote.RemoteWebDriver.execute(RemoteWebDriver.java:559)
	at org.openqa.selenium.remote.ElementLocation$ElementFinder$2.findElement(ElementLocation.java:162)
	at org.openqa.selenium.remote.ElementLocation.findElement(ElementLocation.java:60)
	at org.openqa.selenium.remote.RemoteWebDriver.findElement(RemoteWebDriver.java:383)
	at org.openqa.selenium.remote.RemoteWebDriver.findElement(RemoteWebDriver.java:375)
	at org.openqa.selenium.support.pagefactory.DefaultElementLocator.findElement(DefaultElementLocator.java:70)
	at org.openqa.selenium.support.pagefactory.internal.LocatingElementHandler.invoke(LocatingElementHandler.java:39)
	at com.sun.proxy.$Proxy17.getText(Unknown Source)
	at test.HomePageTest.Verify_in_Home_Page_lable_Quick_links(HomePageTest.java:337)
	at java.util.ArrayList.forEach(Unknown Source)
... Removed 31 stack frames</div></td></tr></table><p class="totop"><a href="#summary">back to summary</a></p>
<h3 id="m20">test.HomePageTest#Validate_navigating_from_Home_Page_from_All_Products_page</h3><table class="result"><tr><th class="invisible"/></tr></table><p class="totop"><a href="#summary">back to summary</a></p>
<h3 id="m21">test.HomePageTest#Validate_navigating_from_Home_Page_from_BECOME_A_RESELLER_UPDATED_Page</h3><table class="result"><tr><th class="invisible"/></tr></table><p class="totop"><a href="#summary">back to summary</a></p>
<h3 id="m22">test.HomePageTest#Validate_navigating_from_Home_Page_from_Beef</h3><table class="result"><tr><th class="invisible"/></tr></table><p class="totop"><a href="#summary">back to summary</a></p>
<h3 id="m23">test.HomePageTest#Validate_navigating_from_Home_Page_from_Bounty_Fresh_Honey_BUY_NOW_page</h3><table class="result"><tr><th class="invisible"/></tr></table><p class="totop"><a href="#summary">back to summary</a></p>
<h3 id="m24">test.HomePageTest#Validate_navigating_from_Home_Page_from_Breaded_Chicken_page</h3><table class="result"><tr><th class="invisible"/></tr></table><p class="totop"><a href="#summary">back to summary</a></p>
<h3 id="m25">test.HomePageTest#Validate_navigating_from_Home_Page_from_Easy_Recipes_page</h3><table class="result"><tr><th class="invisible"/></tr></table><p class="totop"><a href="#summary">back to summary</a></p>
<h3 id="m26">test.HomePageTest#Validate_navigating_from_Home_Page_from_FREQUENTLY_ASKED_QUESTIONS_Page</h3><table class="result"><tr><th class="invisible"/></tr></table><p class="totop"><a href="#summary">back to summary</a></p>
<h3 id="m27">test.HomePageTest#Validate_navigating_from_Home_Page_from_Marinated_Chicken_page</h3><table class="result"><tr><th class="invisible"/></tr></table><p class="totop"><a href="#summary">back to summary</a></p>
<h3 id="m28">test.HomePageTest#Validate_navigating_from_Home_Page_from_Marinated_Pork_page</h3><table class="result"><tr><th class="invisible"/></tr></table><p class="totop"><a href="#summary">back to summary</a></p>
<h3 id="m29">test.HomePageTest#Validate_navigating_from_Home_Page_from_Produce</h3><table class="result"><tr><th class="invisible"/></tr></table><p class="totop"><a href="#summary">back to summary</a></p>
<h3 id="m30">test.HomePageTest#Validate_navigating_from_Home_Page_from_Quick_links_All_Products_page</h3><table class="result"><tr><th class="invisible"/></tr></table><p class="totop"><a href="#summary">back to summary</a></p>
<h3 id="m31">test.HomePageTest#Validate_navigating_from_Home_Page_from_Quick_links_Beef_Page</h3><table class="result"><tr><th class="invisible"/></tr></table><p class="totop"><a href="#summary">back to summary</a></p>
<h3 id="m32">test.HomePageTest#Validate_navigating_from_Home_Page_from_Quick_links_Chicken_page</h3><table class="result"><tr><th class="invisible"/></tr></table><p class="totop"><a href="#summary">back to summary</a></p>
<h3 id="m33">test.HomePageTest#Validate_navigating_from_Home_Page_from_Quick_links_Easy_Recipes_page</h3><table class="result"><tr><th class="invisible"/></tr></table><p class="totop"><a href="#summary">back to summary</a></p>
<h3 id="m34">test.HomePageTest#Validate_navigating_from_Home_Page_from_Quick_links_FREQUENTLY_ASKED_QUESTIONS_page</h3><table class="result"><tr><th class="invisible"/></tr></table><p class="totop"><a href="#summary">back to summary</a></p>
<h3 id="m35">test.HomePageTest#Validate_navigating_from_Home_Page_from_Quick_links_Privacy_Policy_page</h3><table class="result"><tr><th class="invisible"/></tr></table><p class="totop"><a href="#summary">back to summary</a></p>
<h3 id="m36">test.HomePageTest#Validate_navigating_from_Home_Page_from_Quick_links_Produce_page</h3><table class="result"><tr><th class="invisible"/></tr></table><p class="totop"><a href="#summary">back to summary</a></p>
<h3 id="m37">test.HomePageTest#Validate_navigating_from_Home_Page_from_Quick_links_Prok_page</h3><table class="result"><tr><th class="invisible"/></tr></table><p class="totop"><a href="#summary">back to summary</a></p>
<h3 id="m38">test.HomePageTest#Validate_navigating_from_Home_Page_from_Quick_links_Ready_to_Cook_page</h3><table class="result"><tr><th class="invisible"/></tr></table><p class="totop"><a href="#summary">back to summary</a></p>
<h3 id="m39">test.HomePageTest#Validate_navigating_from_Home_Page_from_READY_TO_COOK_page</h3><table class="result"><tr><th class="invisible"/></tr></table><p class="totop"><a href="#summary">back to summary</a></p>
<h3 id="m40">test.HomePageTest#Validate_navigating_from_Home_Page_from_Ready_to_Cook</h3><table class="result"><tr><th class="invisible"/></tr></table><p class="totop"><a href="#summary">back to summary</a></p>
<h3 id="m41">test.HomePageTest#Validate_navigating_from_Home_Page_from_SHOP_BY_CATEGORY_SHOP_CHICKEN_page</h3><table class="result"><tr><th class="invisible"/></tr></table><p class="totop"><a href="#summary">back to summary</a></p>
<h3 id="m42">test.HomePageTest#Validate_navigating_from_Home_Page_from_SHOP_BY_CATEGORY_SHOP_PORK_page</h3><table class="result"><tr><th class="invisible"/></tr></table><p class="totop"><a href="#summary">back to summary</a></p>
<h3 id="m43">test.HomePageTest#Validate_navigating_from_Home_Page_from_Whole_Chicken_page</h3><table class="result"><tr><th class="invisible"/></tr></table><p class="totop"><a href="#summary">back to summary</a></p>
<h3 id="m44">test.HomePageTest#Validate_navigating_from_Home_Page_from_cut_ups_Chicken_page</h3><table class="result"><tr><th class="invisible"/></tr></table><p class="totop"><a href="#summary">back to summary</a></p>
<h3 id="m45">test.HomePageTest#Validate_navigating_from_Home_Page_from_prok_page</h3><table class="result"><tr><th class="invisible"/></tr></table><p class="totop"><a href="#summary">back to summary</a></p>
<h3 id="m46">test.HomePageTest#Verify_in_Home_Page_Image_Bounty_Fresh_Reseller</h3><table class="result"><tr><th class="invisible"/></tr></table><p class="totop"><a href="#summary">back to summary</a></p>
<h3 id="m47">test.HomePageTest#Verify_in_Home_Page_Product_is_Display_Chicken_Breast</h3><table class="result"><tr><th class="invisible"/></tr></table><p class="totop"><a href="#summary">back to summary</a></p>
<h3 id="m48">test.HomePageTest#Verify_in_Home_Page_Product_is_Display_Chicken_Breast_Fillet_Skinless</h3><table class="result"><tr><th class="invisible"/></tr></table><p class="totop"><a href="#summary">back to summary</a></p>
<h3 id="m49">test.HomePageTest#Verify_in_Home_Page_Product_is_Display_Chicken_Drumstick</h3><table class="result"><tr><th class="invisible"/></tr></table><p class="totop"><a href="#summary">back to summary</a></p>
<h3 id="m50">test.HomePageTest#Verify_in_Home_Page_Product_is_Display_Chicken_Leg_Quarter</h3><table class="result"><tr><th class="invisible"/></tr></table><p class="totop"><a href="#summary">back to summary</a></p>
<h3 id="m51">test.HomePageTest#Verify_in_Home_Page_Product_is_Display_Chicken_Thigh</h3><table class="result"><tr><th class="invisible"/></tr></table><p class="totop"><a href="#summary">back to summary</a></p>
<h3 id="m52">test.HomePageTest#Verify_in_Home_Page_Product_is_Display_Chicken_Thigh_Fillet_Skinless</h3><table class="result"><tr><th class="invisible"/></tr></table><p class="totop"><a href="#summary">back to summary</a></p>
<h3 id="m53">test.HomePageTest#Verify_in_Home_Page_lable_Bounty_Fresh_Honey</h3><table class="result"><tr><th class="invisible"/></tr></table><p class="totop"><a href="#summary">back to summary</a></p>
<h3 id="m54">test.HomePageTest#Verify_in_Home_Page_lable_SHOP_BY_CATEGORY</h3><table class="result"><tr><th class="invisible"/></tr></table><p class="totop"><a href="#summary">back to summary</a></p>
</body>
</html>
